[2020.02.23 21:42:38][main.cpp :71][INFO]: Server listening on 127.0.0.1:8081
[2020.02.23 21:42:38][main.cpp :101][INFO]: User is not logged in!
[2020.02.23 21:44:13][main.cpp :71][INFO]: Server listening on 127.0.0.1:8081
[2020.02.23 21:44:13][main.cpp :105][INFO]: syncClientInfo failed!
[2020.02.23 21:53:20][main.cpp :71][INFO]: Server listening on 127.0.0.1:8081
[2020.02.23 21:53:20][main.cpp :101][INFO]: User not logged in!
[2020.02.23 21:53:30][main.cpp :105][INFO]: syncClientInfo failed!
[2020.02.23 21:56:32][main.cpp :101][INFO]: User not logged in!
[2020.02.23 21:56:32][main.cpp :71][INFO]: Server listening on 127.0.0.1:8081
[2020.02.23 21:56:42][main.cpp :101][INFO]: User not logged in!
[2020.02.23 21:56:52][main.cpp :105][INFO]: syncClientInfo failed!
[2020.02.23 21:57:02][main.cpp :105][INFO]: syncClientInfo failed!
[2020.02.23 21:57:12][main.cpp :105][INFO]: syncClientInfo failed!
[2020.02.23 21:57:22][main.cpp :105][INFO]: syncClientInfo failed!
[2020.02.23 21:57:32][main.cpp :105][INFO]: syncClientInfo failed!
[2020.02.23 21:57:42][main.cpp :105][INFO]: syncClientInfo failed!
[2020.02.23 21:57:52][main.cpp :105][INFO]: syncClientInfo failed!
[2020.02.23 21:58:02][main.cpp :105][INFO]: syncClientInfo failed!
[2020.02.23 21:58:12][main.cpp :105][INFO]: syncClientInfo failed!
[2020.02.23 21:58:22][main.cpp :105][INFO]: syncClientInfo failed!
[2020.02.23 21:58:32][main.cpp :105][INFO]: syncClientInfo failed!
[2020.02.23 21:58:42][main.cpp :105][INFO]: syncClientInfo failed!
[2020.02.23 21:58:52][main.cpp :105][INFO]: syncClientInfo failed!
[2020.02.23 21:59:02][main.cpp :105][INFO]: syncClientInfo failed!
[2020.02.23 21:59:12][main.cpp :105][INFO]: syncClientInfo failed!
[2020.02.23 21:59:22][main.cpp :105][INFO]: syncClientInfo failed!
[2020.02.23 21:59:32][main.cpp :105][INFO]: syncClientInfo failed!
[2020.02.23 21:59:42][main.cpp :105][INFO]: syncClientInfo failed!
[2020.02.23 21:59:52][main.cpp :105][INFO]: syncClientInfo failed!
[2020.02.23 22:00:02][main.cpp :105][INFO]: syncClientInfo failed!
[2020.02.23 22:00:12][main.cpp :105][INFO]: syncClientInfo failed!
[2020.02.23 22:00:22][main.cpp :105][INFO]: syncClientInfo failed!
[2020.02.23 22:00:26][main.cpp :71][INFO]: Server listening on 127.0.0.1:8081
[2020.02.23 22:00:26][main.cpp :101][INFO]: User not logged in!
[2020.02.23 22:00:36][main.cpp :101][INFO]: User not logged in!
[2020.02.23 22:02:23][main.cpp :101][INFO]: User not logged in!
[2020.02.23 22:02:23][main.cpp :71][INFO]: Server listening on 127.0.0.1:8081
[2020.02.23 22:02:33][main.cpp :101][INFO]: User not logged in!
[2020.02.23 22:02:43][main.cpp :101][INFO]: User not logged in!
[2020.02.23 22:02:53][main.cpp :101][INFO]: User not logged in!
[2020.02.23 22:03:03][main.cpp :105][INFO]: syncClientInfo failed!
[2020.02.23 22:03:13][main.cpp :101][INFO]: User not logged in!
[2020.02.23 22:03:15][main.cpp :101][INFO]: User not logged in!
[2020.02.23 22:03:15][main.cpp :71][INFO]: Server listening on 127.0.0.1:8081
[2020.02.23 22:03:25][main.cpp :101][INFO]: sync client info success!
[2020.02.23 22:03:35][main.cpp :101][INFO]: sync client info success!
[2020.02.23 22:03:45][main.cpp :101][INFO]: sync client info success!
[2020.02.23 22:03:56][main.cpp :101][INFO]: sync client info success!
[2020.02.23 22:04:06][main.cpp :101][INFO]: sync client info success!
[2020.02.23 22:04:16][main.cpp :101][INFO]: sync client info success!
[2020.02.23 22:04:16][main.cpp :71][INFO]: Server listening on 127.0.0.1:8081
[2020.02.23 22:04:16][main.cpp :101][INFO]: sync client info success!
[2020.02.23 22:04:26][main.cpp :101][INFO]: sync client info success!
[2020.02.23 22:04:26][main.cpp :101][INFO]: sync client info success!
[2020.02.23 22:04:36][main.cpp :101][INFO]: sync client info success!
[2020.02.23 22:04:46][main.cpp :101][INFO]: sync client info success!
[2020.02.23 23:16:36][main.cpp :153][INFO]: Server listening on 127.0.0.1:51137
[2020.02.23 23:19:51][main.cpp :184][INFO]: User not logged in!
[2020.02.23 23:19:51][main.cpp :153][INFO]: Server listening on 127.0.0.1:51251
[2020.02.23 23:20:01][main.cpp :184][INFO]: User not logged in!
[2020.02.23 23:20:11][main.cpp :184][INFO]: User not logged in!
[2020.02.23 23:20:21][main.cpp :184][INFO]: User not logged in!
[2020.02.23 23:20:31][main.cpp :184][INFO]: User not logged in!
[2020.02.23 23:20:41][main.cpp :184][INFO]: User not logged in!
[2020.02.23 23:20:51][main.cpp :184][INFO]: User not logged in!
[2020.02.23 23:21:01][main.cpp :184][INFO]: User not logged in!
[2020.02.23 23:21:11][main.cpp :184][INFO]: User not logged in!
[2020.02.23 23:21:21][main.cpp :184][INFO]: User not logged in!
[2020.02.23 23:21:35][main.cpp :153][INFO]: Server listening on 127.0.0.1:51311
[2020.02.23 23:21:35][main.cpp :184][INFO]: User not logged in!
[2020.02.23 23:21:45][main.cpp :184][INFO]: User not logged in!
[2020.02.23 23:21:55][main.cpp :184][INFO]: User not logged in!
[2020.02.23 23:22:05][main.cpp :184][INFO]: User not logged in!
[2020.02.23 23:22:15][main.cpp :184][INFO]: User not logged in!
[2020.02.23 23:22:25][main.cpp :184][INFO]: User not logged in!
[2020.02.23 23:24:46][main.cpp :184][INFO]: User not logged in!
[2020.02.23 23:24:46][main.cpp :153][INFO]: Server listening on 127.0.0.1:51412
[2020.02.23 23:24:56][main.cpp :184][INFO]: User not logged in!
[2020.02.23 23:25:06][main.cpp :184][INFO]: User not logged in!
[2020.02.23 23:25:16][main.cpp :184][INFO]: User not logged in!
[2020.02.23 23:25:26][main.cpp :184][INFO]: User not logged in!
[2020.02.23 23:25:36][main.cpp :184][INFO]: User not logged in!
[2020.02.23 23:25:46][main.cpp :184][INFO]: User not logged in!
[2020.02.23 23:25:56][main.cpp :184][INFO]: User not logged in!
[2020.02.23 23:26:06][main.cpp :184][INFO]: User not logged in!
[2020.02.23 23:26:16][main.cpp :184][INFO]: User not logged in!
[2020.02.23 23:26:26][main.cpp :184][INFO]: User not logged in!
[2020.02.23 23:26:36][main.cpp :184][INFO]: User not logged in!
[2020.02.23 23:26:46][main.cpp :184][INFO]: User not logged in!
[2020.02.23 23:26:56][main.cpp :184][INFO]: User not logged in!
[2020.02.23 23:27:06][main.cpp :184][INFO]: User not logged in!
[2020.02.23 23:27:16][main.cpp :184][INFO]: User not logged in!
[2020.02.23 23:27:26][main.cpp :184][INFO]: User not logged in!
[2020.02.23 23:27:36][main.cpp :184][INFO]: User not logged in!
[2020.02.23 23:27:46][main.cpp :184][INFO]: User not logged in!
[2020.02.23 23:28:22][main.cpp :184][INFO]: User not logged in!
[2020.02.23 23:28:22][main.cpp :153][INFO]: Server listening on 127.0.0.1:51522
[2020.02.23 23:28:32][main.cpp :184][INFO]: User not logged in!
[2020.02.23 23:28:42][main.cpp :184][INFO]: sync client info success!
[2020.02.23 23:28:52][main.cpp :184][INFO]: sync client info success!
[2020.02.23 23:29:02][main.cpp :184][INFO]: sync client info success!
[2020.02.23 23:29:12][main.cpp :184][INFO]: sync client info success!
[2020.02.23 23:29:22][main.cpp :184][INFO]: sync client info success!
[2020.02.23 23:29:32][main.cpp :184][INFO]: sync client info success!
[2020.02.23 23:30:02][main.cpp :153][INFO]: Server listening on 127.0.0.1:51572
[2020.02.23 23:31:53][main.cpp :153][INFO]: Server listening on 127.0.0.1:51640
[2020.02.23 23:32:02][main.cpp :186][INFO]: sync client info success!
[2020.02.23 23:32:12][main.cpp :186][INFO]: sync client info success!
[2020.02.23 23:32:22][main.cpp :186][INFO]: sync client info success!
[2020.02.23 23:32:31][main.cpp :153][INFO]: Server listening on 127.0.0.1:51659
[2020.02.23 23:32:32][main.cpp :186][INFO]: sync client info success!
[2020.02.23 23:32:35][main.cpp :186][INFO]: sync client info success!
[2020.02.23 23:32:45][main.cpp :186][INFO]: sync client info success!
[2020.02.23 23:32:55][main.cpp :186][INFO]: sync client info success!
[2020.02.23 23:33:05][main.cpp :186][INFO]: sync client info success!
[2020.02.23 23:33:15][main.cpp :186][INFO]: sync client info success!
[2020.02.23 23:33:25][main.cpp :186][INFO]: sync client info success!
[2020.02.23 23:33:35][main.cpp :186][INFO]: sync client info success!
[2020.02.23 23:33:45][main.cpp :186][INFO]: sync client info success!
[2020.02.23 23:33:55][main.cpp :186][INFO]: sync client info success!
[2020.02.23 23:34:05][main.cpp :186][INFO]: sync client info success!
[2020.02.23 23:45:50][main.cpp :154][INFO]: Server listening on 127.0.0.1:52113
[2020.02.23 23:46:02][main.cpp :187][INFO]: sync client info success!
[2020.02.23 23:46:12][main.cpp :187][INFO]: sync client info success!
[2020.02.23 23:46:18][main.cpp :154][INFO]: Server listening on 127.0.0.1:52130
[2020.02.23 23:46:22][main.cpp :187][INFO]: sync client info success!
[2020.02.23 23:46:23][main.cpp :187][INFO]: sync client info success!
[2020.02.23 23:46:33][main.cpp :187][INFO]: sync client info success!
[2020.02.23 23:46:43][main.cpp :187][INFO]: sync client info success!
[2020.02.23 23:46:43][main.cpp :154][INFO]: Server listening on 127.0.0.1:52146
[2020.02.23 23:46:47][main.cpp :187][INFO]: sync client info success!
[2020.02.23 23:46:57][main.cpp :187][INFO]: sync client info success!
[2020.02.23 23:47:07][main.cpp :187][INFO]: sync client info success!
[2020.02.23 23:47:17][main.cpp :187][INFO]: sync client info success!
[2020.02.23 23:47:27][main.cpp :187][INFO]: sync client info success!
[2020.02.23 23:47:37][main.cpp :187][INFO]: sync client info success!
[2020.02.23 23:47:47][main.cpp :187][INFO]: sync client info success!
[2020.02.23 23:47:57][main.cpp :187][INFO]: sync client info success!
[2020.02.23 23:48:07][main.cpp :187][INFO]: sync client info success!
[2020.02.23 23:48:17][main.cpp :187][INFO]: sync client info success!
[2020.02.23 23:48:27][main.cpp :187][INFO]: sync client info success!
[2020.02.23 23:48:37][main.cpp :187][INFO]: sync client info success!
[2020.02.23 23:48:47][main.cpp :187][INFO]: sync client info success!
[2020.02.23 23:48:57][main.cpp :187][INFO]: sync client info success!
[2020.02.23 23:49:08][main.cpp :187][INFO]: sync client info success!
[2020.02.23 23:49:18][main.cpp :187][INFO]: sync client info success!
[2020.02.23 23:49:28][main.cpp :187][INFO]: sync client info success!
[2020.02.23 23:49:38][main.cpp :187][INFO]: sync client info success!
[2020.02.23 23:49:48][main.cpp :187][INFO]: sync client info success!
[2020.02.23 23:49:58][main.cpp :187][INFO]: sync client info success!
[2020.02.23 23:50:08][main.cpp :187][INFO]: sync client info success!
[2020.02.23 23:50:18][main.cpp :187][INFO]: sync client info success!
[2020.02.23 23:50:28][main.cpp :187][INFO]: sync client info success!
[2020.02.23 23:50:38][main.cpp :187][INFO]: sync client info success!
[2020.02.23 23:50:48][main.cpp :187][INFO]: sync client info success!
[2020.02.23 23:50:58][main.cpp :187][INFO]: sync client info success!
[2020.02.23 23:51:08][main.cpp :187][INFO]: sync client info success!
[2020.02.23 23:51:18][main.cpp :187][INFO]: sync client info success!
[2020.02.23 23:51:28][main.cpp :187][INFO]: sync client info success!
[2020.02.23 23:51:38][main.cpp :187][INFO]: sync client info success!
[2020.02.23 23:51:48][main.cpp :187][INFO]: sync client info success!
[2020.02.23 23:51:58][main.cpp :187][INFO]: sync client info success!
[2020.02.23 23:52:08][main.cpp :187][INFO]: sync client info success!
[2020.02.23 23:52:18][main.cpp :187][INFO]: sync client info success!
[2020.02.23 23:52:28][main.cpp :187][INFO]: sync client info success!
[2020.02.23 23:52:38][main.cpp :187][INFO]: sync client info success!
[2020.02.23 23:52:48][main.cpp :187][INFO]: sync client info success!
[2020.02.23 23:52:58][main.cpp :187][INFO]: sync client info success!
[2020.02.23 23:53:08][main.cpp :187][INFO]: sync client info success!
[2020.02.23 23:53:18][main.cpp :187][INFO]: sync client info success!
[2020.02.23 23:53:28][main.cpp :187][INFO]: sync client info success!
[2020.02.23 23:53:38][main.cpp :187][INFO]: sync client info success!
[2020.02.23 23:53:48][main.cpp :187][INFO]: sync client info success!
[2020.02.23 23:53:58][main.cpp :187][INFO]: sync client info success!
[2020.02.23 23:54:08][main.cpp :187][INFO]: sync client info success!
[2020.02.23 23:54:18][main.cpp :187][INFO]: sync client info success!
[2020.02.23 23:54:28][main.cpp :187][INFO]: sync client info success!
[2020.02.23 23:54:38][main.cpp :187][INFO]: sync client info success!
[2020.02.23 23:54:48][main.cpp :187][INFO]: sync client info success!
[2020.02.23 23:54:58][main.cpp :187][INFO]: sync client info success!
[2020.02.23 23:55:08][main.cpp :187][INFO]: sync client info success!
[2020.02.23 23:55:18][main.cpp :187][INFO]: sync client info success!
[2020.02.23 23:55:28][main.cpp :187][INFO]: sync client info success!
[2020.02.23 23:55:38][main.cpp :187][INFO]: sync client info success!
[2020.02.23 23:55:48][main.cpp :187][INFO]: sync client info success!
[2020.02.23 23:55:58][main.cpp :187][INFO]: sync client info success!
[2020.02.23 23:56:08][main.cpp :187][INFO]: sync client info success!
[2020.02.23 23:56:18][main.cpp :187][INFO]: sync client info success!
[2020.02.23 23:56:28][main.cpp :187][INFO]: sync client info success!
[2020.02.23 23:56:38][main.cpp :187][INFO]: sync client info success!
[2020.02.23 23:56:48][main.cpp :187][INFO]: sync client info success!
[2020.02.23 23:56:58][main.cpp :187][INFO]: sync client info success!
[2020.02.23 23:57:08][main.cpp :187][INFO]: sync client info success!
[2020.02.23 23:57:18][main.cpp :187][INFO]: sync client info success!
[2020.02.23 23:57:28][main.cpp :187][INFO]: sync client info success!
[2020.02.24 00:05:55][main.cpp :154][INFO]: Server listening on 127.0.0.1:52744
[2020.02.24 00:06:45][main.cpp :187][INFO]: User not logged in!
[2020.02.24 00:06:55][main.cpp :187][INFO]: sync client info success!
[2020.02.24 00:07:05][main.cpp :187][INFO]: sync client info success!
[2020.02.24 00:07:09][main.cpp :154][INFO]: Server listening on 127.0.0.1:52782
[2020.02.24 00:07:15][main.cpp :187][INFO]: sync client info success!
[2020.02.24 00:07:19][main.cpp :187][INFO]: sync client info success!
[2020.02.24 00:07:29][main.cpp :187][INFO]: sync client info success!
[2020.02.24 00:07:39][main.cpp :187][INFO]: sync client info success!
[2020.02.24 00:07:49][main.cpp :187][INFO]: sync client info success!
[2020.02.24 00:07:51][main.cpp :154][INFO]: Server listening on 127.0.0.1:52803
[2020.02.24 00:07:59][main.cpp :187][INFO]: sync client info success!
[2020.02.24 00:08:00][main.cpp :187][INFO]: sync client info success!
[2020.02.24 00:08:09][main.cpp :187][INFO]: sync client info success!
[2020.02.24 00:08:10][main.cpp :187][INFO]: sync client info success!
[2020.02.24 00:08:19][main.cpp :187][INFO]: sync client info success!
[2020.02.24 00:08:20][main.cpp :187][INFO]: sync client info success!
[2020.02.24 00:08:29][main.cpp :187][INFO]: sync client info success!
[2020.02.24 00:08:30][main.cpp :187][INFO]: sync client info success!
[2020.02.24 00:08:39][main.cpp :187][INFO]: sync client info success!
[2020.02.24 00:08:40][main.cpp :187][INFO]: sync client info success!
[2020.02.24 00:08:49][main.cpp :187][INFO]: sync client info success!
[2020.02.24 00:08:50][main.cpp :187][INFO]: sync client info success!
[2020.02.24 00:08:59][main.cpp :187][INFO]: sync client info success!
[2020.02.24 00:09:00][main.cpp :187][INFO]: sync client info success!
[2020.02.24 00:09:09][main.cpp :187][INFO]: sync client info success!
[2020.02.24 00:09:10][main.cpp :187][INFO]: sync client info success!
[2020.02.24 00:09:19][main.cpp :187][INFO]: sync client info success!
[2020.02.24 00:09:20][main.cpp :187][INFO]: sync client info success!
[2020.02.24 00:09:29][main.cpp :187][INFO]: sync client info success!
[2020.02.24 00:09:30][main.cpp :187][INFO]: sync client info success!
[2020.02.24 00:09:39][main.cpp :187][INFO]: sync client info success!
[2020.02.24 00:09:40][main.cpp :187][INFO]: sync client info success!
[2020.02.24 00:09:49][main.cpp :187][INFO]: sync client info success!
[2020.02.24 00:09:50][main.cpp :187][INFO]: sync client info success!
[2020.02.24 00:09:59][main.cpp :187][INFO]: sync client info success!
[2020.02.24 00:10:00][main.cpp :187][INFO]: sync client info success!
[2020.02.24 00:10:09][main.cpp :187][INFO]: sync client info success!
[2020.02.24 00:10:10][main.cpp :187][INFO]: sync client info success!
[2020.02.24 00:10:19][main.cpp :187][INFO]: sync client info success!
[2020.02.24 00:10:20][main.cpp :187][INFO]: sync client info success!
[2020.02.24 00:10:29][main.cpp :187][INFO]: sync client info success!
[2020.02.24 00:10:30][main.cpp :187][INFO]: sync client info success!
[2020.02.24 00:10:39][main.cpp :191][INFO]: syncClientInfo failed!
[2020.02.24 00:10:40][main.cpp :191][INFO]: syncClientInfo failed!
[2020.02.24 00:10:49][main.cpp :191][INFO]: syncClientInfo failed!
[2020.02.24 00:10:50][main.cpp :191][INFO]: syncClientInfo failed!
[2020.02.24 00:10:59][main.cpp :191][INFO]: syncClientInfo failed!
[2020.02.24 00:11:00][main.cpp :191][INFO]: syncClientInfo failed!
[2020.02.24 00:11:09][main.cpp :191][INFO]: syncClientInfo failed!
[2020.02.24 00:11:10][main.cpp :191][INFO]: syncClientInfo failed!
[2020.02.24 00:11:19][main.cpp :191][INFO]: syncClientInfo failed!
[2020.02.24 00:11:20][main.cpp :191][INFO]: syncClientInfo failed!
[2020.02.24 00:11:29][main.cpp :191][INFO]: syncClientInfo failed!
[2020.02.24 00:11:30][main.cpp :191][INFO]: syncClientInfo failed!
[2020.02.24 00:11:39][main.cpp :191][INFO]: syncClientInfo failed!
[2020.02.24 00:11:40][main.cpp :191][INFO]: syncClientInfo failed!
[2020.02.24 00:11:49][main.cpp :191][INFO]: syncClientInfo failed!
[2020.02.24 00:11:50][main.cpp :191][INFO]: syncClientInfo failed!
[2020.02.24 00:11:59][main.cpp :191][INFO]: syncClientInfo failed!
[2020.02.24 00:12:00][main.cpp :191][INFO]: syncClientInfo failed!
[2020.02.24 00:12:09][main.cpp :191][INFO]: syncClientInfo failed!
[2020.02.24 00:12:10][main.cpp :191][INFO]: syncClientInfo failed!
[2020.02.24 00:12:19][main.cpp :191][INFO]: syncClientInfo failed!
[2020.02.24 00:12:20][main.cpp :191][INFO]: syncClientInfo failed!
[2020.02.24 00:12:29][main.cpp :191][INFO]: syncClientInfo failed!
[2020.02.24 00:12:30][main.cpp :191][INFO]: syncClientInfo failed!
[2020.02.24 00:12:39][main.cpp :191][INFO]: syncClientInfo failed!
[2020.02.24 00:12:40][main.cpp :191][INFO]: syncClientInfo failed!
[2020.02.24 00:12:49][main.cpp :191][INFO]: syncClientInfo failed!
[2020.02.24 00:12:50][main.cpp :191][INFO]: syncClientInfo failed!
[2020.02.24 00:12:59][main.cpp :191][INFO]: syncClientInfo failed!
[2020.02.24 00:13:00][main.cpp :191][INFO]: syncClientInfo failed!
[2020.02.24 00:13:09][main.cpp :191][INFO]: syncClientInfo failed!
[2020.02.24 00:13:10][main.cpp :191][INFO]: syncClientInfo failed!
[2020.02.24 00:13:19][main.cpp :191][INFO]: syncClientInfo failed!
[2020.02.24 00:13:20][main.cpp :191][INFO]: syncClientInfo failed!
[2020.02.24 00:15:01][main.cpp :154][INFO]: Server listening on 127.0.0.1:53108
[2020.02.24 00:15:19][main.cpp :187][INFO]: sync client info success!
[2020.02.24 00:15:27][main.cpp :154][INFO]: Server listening on 127.0.0.1:53125
[2020.02.24 00:15:29][main.cpp :187][INFO]: sync client info success!
[2020.02.24 00:15:37][main.cpp :187][INFO]: sync client info success!
[2020.02.24 00:15:39][main.cpp :187][INFO]: sync client info success!
[2020.02.24 00:15:47][main.cpp :187][INFO]: sync client info success!
[2020.02.24 00:15:49][main.cpp :187][INFO]: sync client info success!
[2020.02.24 00:15:57][main.cpp :187][INFO]: sync client info success!
[2020.02.24 00:15:59][main.cpp :187][INFO]: sync client info success!
[2020.02.24 00:16:05][main.cpp :154][INFO]: Server listening on 127.0.0.1:53150
[2020.02.24 00:16:07][main.cpp :187][INFO]: sync client info success!
[2020.02.24 00:16:09][main.cpp :187][INFO]: sync client info success!
[2020.02.24 00:16:10][main.cpp :187][INFO]: sync client info success!
[2020.02.24 00:16:19][main.cpp :187][INFO]: sync client info success!
[2020.02.24 00:16:20][main.cpp :187][INFO]: sync client info success!
[2020.02.24 00:16:29][main.cpp :187][INFO]: sync client info success!
[2020.02.24 00:16:37][main.cpp :154][INFO]: Server listening on 127.0.0.1:53168
[2020.02.24 00:16:39][main.cpp :187][INFO]: sync client info success!
[2020.02.24 00:16:43][main.cpp :187][INFO]: sync client info success!
[2020.02.24 00:16:49][main.cpp :187][INFO]: sync client info success!
[2020.02.24 00:16:53][main.cpp :187][INFO]: sync client info success!
[2020.02.24 00:16:59][main.cpp :187][INFO]: sync client info success!
[2020.02.24 00:17:03][main.cpp :187][INFO]: sync client info success!
[2020.02.24 00:17:09][main.cpp :187][INFO]: sync client info success!
[2020.02.24 00:17:13][main.cpp :187][INFO]: sync client info success!
[2020.02.24 00:17:19][main.cpp :187][INFO]: sync client info success!
[2020.02.24 00:17:23][main.cpp :187][INFO]: sync client info success!
[2020.02.24 00:17:29][main.cpp :187][INFO]: sync client info success!
[2020.02.24 00:17:33][main.cpp :187][INFO]: sync client info success!
[2020.02.24 00:17:39][main.cpp :187][INFO]: sync client info success!
[2020.02.24 00:17:43][main.cpp :187][INFO]: sync client info success!
[2020.02.24 00:17:49][main.cpp :187][INFO]: sync client info success!
[2020.02.24 00:17:53][main.cpp :187][INFO]: sync client info success!
[2020.02.24 00:17:59][main.cpp :187][INFO]: sync client info success!
[2020.02.24 00:18:03][main.cpp :187][INFO]: sync client info success!
[2020.02.24 00:18:09][main.cpp :187][INFO]: sync client info success!
[2020.02.24 00:18:13][main.cpp :187][INFO]: sync client info success!
[2020.02.24 00:18:19][main.cpp :187][INFO]: sync client info success!
[2020.02.24 00:18:23][main.cpp :187][INFO]: sync client info success!
[2020.02.24 00:18:29][main.cpp :187][INFO]: sync client info success!
[2020.02.24 00:18:33][main.cpp :187][INFO]: sync client info success!
[2020.02.24 00:18:39][main.cpp :187][INFO]: sync client info success!
[2020.02.24 00:18:43][main.cpp :187][INFO]: sync client info success!
[2020.02.24 00:18:49][main.cpp :187][INFO]: sync client info success!
[2020.02.24 00:18:53][main.cpp :187][INFO]: sync client info success!
[2020.02.24 00:18:59][main.cpp :187][INFO]: sync client info success!
[2020.02.24 00:19:03][main.cpp :187][INFO]: sync client info success!
[2020.02.24 00:19:09][main.cpp :187][INFO]: sync client info success!
[2020.02.24 00:19:13][main.cpp :187][INFO]: sync client info success!
[2020.02.24 00:19:19][main.cpp :187][INFO]: sync client info success!
[2020.02.24 00:19:23][main.cpp :187][INFO]: sync client info success!
[2020.02.24 00:19:29][main.cpp :187][INFO]: sync client info success!
[2020.02.24 00:19:33][main.cpp :187][INFO]: sync client info success!
[2020.02.24 00:19:39][main.cpp :187][INFO]: sync client info success!
[2020.02.24 00:19:43][main.cpp :187][INFO]: sync client info success!
[2020.02.24 00:19:49][main.cpp :187][INFO]: sync client info success!
[2020.02.24 00:19:53][main.cpp :187][INFO]: sync client info success!
[2020.02.24 00:19:59][main.cpp :187][INFO]: sync client info success!
[2020.02.24 00:20:03][main.cpp :187][INFO]: sync client info success!
[2020.02.24 00:20:09][main.cpp :187][INFO]: sync client info success!
[2020.02.24 00:20:13][main.cpp :187][INFO]: sync client info success!
[2020.02.24 00:20:19][main.cpp :187][INFO]: sync client info success!
[2020.02.24 00:20:23][main.cpp :187][INFO]: sync client info success!
[2020.02.24 00:20:29][main.cpp :187][INFO]: sync client info success!
[2020.02.24 00:20:33][main.cpp :187][INFO]: sync client info success!
[2020.02.24 00:20:39][main.cpp :187][INFO]: sync client info success!
[2020.02.24 00:20:43][main.cpp :187][INFO]: sync client info success!
[2020.02.24 00:20:49][main.cpp :187][INFO]: sync client info success!
[2020.02.24 00:20:53][main.cpp :187][INFO]: sync client info success!
[2020.02.24 00:20:59][main.cpp :187][INFO]: sync client info success!
[2020.02.24 00:21:03][main.cpp :187][INFO]: sync client info success!
[2020.02.24 00:21:09][main.cpp :187][INFO]: sync client info success!
[2020.02.24 00:21:13][main.cpp :187][INFO]: sync client info success!
[2020.02.24 00:21:19][main.cpp :187][INFO]: sync client info success!
[2020.02.24 00:21:23][main.cpp :187][INFO]: sync client info success!
[2020.02.24 00:21:29][main.cpp :187][INFO]: sync client info success!
[2020.02.24 00:21:33][main.cpp :187][INFO]: sync client info success!
[2020.02.24 00:21:39][main.cpp :187][INFO]: sync client info success!
[2020.02.24 00:21:43][main.cpp :187][INFO]: sync client info success!
[2020.02.24 00:21:49][main.cpp :187][INFO]: sync client info success!
[2020.02.24 00:21:53][main.cpp :187][INFO]: sync client info success!
[2020.02.24 00:21:59][main.cpp :187][INFO]: sync client info success!
[2020.02.24 00:22:03][main.cpp :187][INFO]: sync client info success!
[2020.02.24 00:45:01][main.cpp :154][INFO]: Server listening on 127.0.0.1:51246
[2020.02.24 00:45:11][main.cpp :187][INFO]: User not logged in!
[2020.02.24 00:45:21][main.cpp :187][INFO]: sync client info success!
[2020.02.24 00:45:31][main.cpp :187][INFO]: sync client info success!
[2020.02.24 00:45:41][main.cpp :187][INFO]: sync client info success!
[2020.02.24 00:45:51][main.cpp :187][INFO]: sync client info success!
[2020.02.24 00:46:01][main.cpp :187][INFO]: sync client info success!
[2020.02.24 00:46:11][main.cpp :187][INFO]: sync client info success!
[2020.02.24 00:46:21][main.cpp :187][INFO]: sync client info success!
[2020.02.24 00:46:31][main.cpp :187][INFO]: User not logged in!
[2020.02.24 00:46:41][main.cpp :187][INFO]: User not logged in!
[2020.02.24 00:46:51][main.cpp :187][INFO]: User not logged in!
[2020.02.24 00:47:01][main.cpp :187][INFO]: User not logged in!
[2020.02.24 00:47:11][main.cpp :187][INFO]: User not logged in!
[2020.02.24 00:47:21][main.cpp :187][INFO]: User not logged in!
[2020.02.24 00:47:31][main.cpp :187][INFO]: User not logged in!
[2020.02.24 00:47:41][main.cpp :187][INFO]: User not logged in!
[2020.02.24 00:47:51][main.cpp :187][INFO]: User not logged in!
[2020.02.24 00:48:01][main.cpp :187][INFO]: User not logged in!
[2020.02.24 00:48:11][main.cpp :187][INFO]: User not logged in!
[2020.02.24 00:48:21][main.cpp :187][INFO]: User not logged in!
[2020.02.24 00:48:31][main.cpp :187][INFO]: User not logged in!
[2020.02.24 00:48:41][main.cpp :187][INFO]: User not logged in!
[2020.02.24 00:48:51][main.cpp :187][INFO]: User not logged in!
[2020.02.24 00:49:01][main.cpp :187][INFO]: User not logged in!
[2020.02.24 00:49:11][main.cpp :187][INFO]: User not logged in!
[2020.02.24 00:49:21][main.cpp :187][INFO]: User not logged in!
[2020.02.24 00:49:31][main.cpp :187][INFO]: sync client info success!
[2020.02.24 00:49:41][main.cpp :187][INFO]: sync client info success!
[2020.02.24 00:49:51][main.cpp :187][INFO]: sync client info success!
[2020.02.24 00:50:01][main.cpp :187][INFO]: sync client info success!
[2020.02.24 00:50:11][main.cpp :187][INFO]: sync client info success!
[2020.02.24 00:50:21][main.cpp :187][INFO]: sync client info success!
[2020.02.24 00:50:31][main.cpp :187][INFO]: sync client info success!
[2020.02.24 00:50:41][main.cpp :187][INFO]: sync client info success!
[2020.02.24 00:50:51][main.cpp :187][INFO]: sync client info success!
[2020.02.24 00:51:01][main.cpp :187][INFO]: sync client info success!
[2020.02.24 00:51:11][main.cpp :187][INFO]: sync client info success!
[2020.02.24 00:51:59][main.cpp :154][INFO]: Server listening on 127.0.0.1:51672
[2020.02.24 00:52:20][main.cpp :187][INFO]: sync client info success!
[2020.02.24 00:52:30][main.cpp :187][INFO]: sync client info success!
[2020.02.24 00:52:38][main.cpp :154][INFO]: Server listening on 127.0.0.1:51692
[2020.02.24 00:52:40][main.cpp :187][INFO]: sync client info success!
[2020.02.24 00:52:47][main.cpp :187][INFO]: User not logged in!
[2020.02.24 00:52:50][main.cpp :187][INFO]: sync client info success!
[2020.02.24 00:52:51][main.cpp :154][INFO]: Server listening on 127.0.0.1:51702
[2020.02.24 00:52:56][main.cpp :187][INFO]: sync client info success!
[2020.02.24 00:52:57][main.cpp :187][INFO]: sync client info success!
[2020.02.24 00:53:00][main.cpp :187][INFO]: sync client info success!
[2020.02.24 00:53:06][main.cpp :187][INFO]: sync client info success!
[2020.02.24 00:53:07][main.cpp :187][INFO]: sync client info success!
[2020.02.24 00:53:10][main.cpp :187][INFO]: sync client info success!
[2020.02.24 00:53:16][main.cpp :187][INFO]: sync client info success!
[2020.02.24 00:53:20][main.cpp :187][INFO]: sync client info success!
[2020.02.24 00:53:26][main.cpp :187][INFO]: sync client info success!
[2020.02.24 00:53:30][main.cpp :187][INFO]: sync client info success!
[2020.02.24 00:53:36][main.cpp :187][INFO]: sync client info success!
[2020.02.24 00:53:40][main.cpp :187][INFO]: sync client info success!
[2020.02.24 00:53:46][main.cpp :187][INFO]: User not logged in!
[2020.02.24 00:53:50][main.cpp :187][INFO]: sync client info success!
[2020.02.24 00:53:56][main.cpp :187][INFO]: User not logged in!
[2020.02.24 00:54:00][main.cpp :187][INFO]: sync client info success!
[2020.02.24 00:54:06][main.cpp :187][INFO]: User not logged in!
[2020.02.24 00:54:10][main.cpp :187][INFO]: sync client info success!
[2020.02.24 00:54:20][main.cpp :187][INFO]: sync client info success!
[2020.02.24 00:54:23][main.cpp :154][INFO]: Server listening on 127.0.0.1:51744
[2020.02.24 00:54:28][main.cpp :187][INFO]: sync client info success!
[2020.02.24 00:54:30][main.cpp :187][INFO]: sync client info success!
[2020.02.24 00:54:36][main.cpp :154][INFO]: Server listening on 127.0.0.1:51753
[2020.02.24 00:54:38][main.cpp :187][INFO]: sync client info success!
[2020.02.24 00:54:40][main.cpp :187][INFO]: sync client info success!
[2020.02.24 00:54:48][main.cpp :187][INFO]: sync client info success!
[2020.02.24 00:54:49][main.cpp :187][INFO]: sync client info success!
[2020.02.24 00:54:50][main.cpp :187][INFO]: sync client info success!
[2020.02.24 00:54:59][main.cpp :187][INFO]: sync client info success!
[2020.02.24 00:55:00][main.cpp :187][INFO]: sync client info success!
[2020.02.24 00:55:08][main.cpp :154][INFO]: Server listening on 127.0.0.1:51771
[2020.02.24 00:55:09][main.cpp :187][INFO]: sync client info success!
[2020.02.24 00:55:10][main.cpp :187][INFO]: sync client info success!
[2020.02.24 00:55:12][main.cpp :187][INFO]: sync client info success!
[2020.02.24 00:55:20][main.cpp :187][INFO]: sync client info success!
[2020.02.24 00:55:22][main.cpp :187][INFO]: sync client info success!
[2020.02.24 00:55:30][main.cpp :187][INFO]: sync client info success!
[2020.02.24 00:55:32][main.cpp :187][INFO]: User not logged in!
[2020.02.24 00:55:40][main.cpp :187][INFO]: sync client info success!
[2020.02.24 00:55:42][main.cpp :187][INFO]: User not logged in!
[2020.02.24 00:55:50][main.cpp :187][INFO]: sync client info success!
[2020.02.24 00:55:52][main.cpp :187][INFO]: User not logged in!
[2020.02.24 00:56:00][main.cpp :187][INFO]: sync client info success!
[2020.02.24 00:56:02][main.cpp :187][INFO]: User not logged in!
[2020.02.24 00:56:10][main.cpp :187][INFO]: sync client info success!
[2020.02.24 00:56:12][main.cpp :187][INFO]: User not logged in!
[2020.02.24 00:56:20][main.cpp :187][INFO]: sync client info success!
[2020.02.24 00:56:22][main.cpp :187][INFO]: User not logged in!
[2020.02.24 00:56:30][main.cpp :187][INFO]: sync client info success!
[2020.02.24 00:56:32][main.cpp :187][INFO]: User not logged in!
[2020.02.24 00:56:40][main.cpp :187][INFO]: sync client info success!
[2020.02.24 00:56:42][main.cpp :187][INFO]: User not logged in!
[2020.02.24 00:56:50][main.cpp :187][INFO]: sync client info success!
[2020.02.24 00:56:52][main.cpp :187][INFO]: User not logged in!
[2020.02.24 00:57:00][main.cpp :187][INFO]: sync client info success!
[2020.02.24 00:57:02][main.cpp :187][INFO]: User not logged in!
[2020.02.24 00:57:10][main.cpp :187][INFO]: sync client info success!
[2020.02.24 00:57:12][main.cpp :187][INFO]: User not logged in!
[2020.02.24 00:57:20][main.cpp :187][INFO]: sync client info success!
[2020.02.24 00:57:22][main.cpp :187][INFO]: User not logged in!
[2020.02.24 00:57:30][main.cpp :187][INFO]: sync client info success!
[2020.02.24 00:57:32][main.cpp :187][INFO]: User not logged in!
[2020.02.24 00:57:40][main.cpp :187][INFO]: sync client info success!
[2020.02.24 00:57:42][main.cpp :187][INFO]: User not logged in!
[2020.02.24 00:57:50][main.cpp :187][INFO]: sync client info success!
[2020.02.24 00:57:52][main.cpp :187][INFO]: User not logged in!
[2020.02.24 00:58:00][main.cpp :187][INFO]: sync client info success!
[2020.02.24 00:58:02][main.cpp :187][INFO]: User not logged in!
[2020.02.24 00:58:10][main.cpp :187][INFO]: sync client info success!
[2020.02.24 00:58:12][main.cpp :187][INFO]: User not logged in!
[2020.02.24 00:58:20][main.cpp :187][INFO]: sync client info success!
[2020.02.24 00:58:22][main.cpp :187][INFO]: User not logged in!
[2020.02.24 00:58:30][main.cpp :187][INFO]: sync client info success!
[2020.02.24 00:58:32][main.cpp :187][INFO]: User not logged in!
[2020.02.24 00:58:40][main.cpp :187][INFO]: sync client info success!
[2020.02.24 00:58:42][main.cpp :187][INFO]: User not logged in!
[2020.02.24 00:58:50][main.cpp :187][INFO]: sync client info success!
[2020.02.24 00:58:52][main.cpp :187][INFO]: User not logged in!
[2020.02.24 00:59:00][main.cpp :187][INFO]: sync client info success!
[2020.02.24 00:59:02][main.cpp :187][INFO]: User not logged in!
[2020.02.24 00:59:10][main.cpp :187][INFO]: sync client info success!
[2020.02.24 00:59:12][main.cpp :187][INFO]: User not logged in!
[2020.02.24 00:59:20][main.cpp :187][INFO]: sync client info success!
[2020.02.24 00:59:22][main.cpp :187][INFO]: User not logged in!
[2020.02.24 00:59:30][main.cpp :187][INFO]: sync client info success!
[2020.02.24 00:59:32][main.cpp :187][INFO]: User not logged in!
[2020.02.24 00:59:40][main.cpp :187][INFO]: sync client info success!
[2020.02.24 00:59:42][main.cpp :187][INFO]: User not logged in!
[2020.02.24 00:59:50][main.cpp :187][INFO]: sync client info success!
[2020.02.24 00:59:52][main.cpp :187][INFO]: User not logged in!
[2020.02.24 01:00:00][main.cpp :187][INFO]: sync client info success!
[2020.02.24 01:00:02][main.cpp :187][INFO]: User not logged in!
[2020.02.24 01:00:10][main.cpp :187][INFO]: sync client info success!
[2020.02.24 01:00:12][main.cpp :187][INFO]: User not logged in!
[2020.02.24 01:00:20][main.cpp :187][INFO]: sync client info success!
[2020.02.24 01:00:22][main.cpp :187][INFO]: User not logged in!
[2020.02.24 01:00:30][main.cpp :187][INFO]: sync client info success!
[2020.02.24 01:00:32][main.cpp :187][INFO]: User not logged in!
[2020.02.24 01:00:40][main.cpp :187][INFO]: sync client info success!
[2020.02.24 01:00:42][main.cpp :187][INFO]: User not logged in!
[2020.02.24 01:00:50][main.cpp :187][INFO]: sync client info success!
[2020.02.24 01:00:52][main.cpp :187][INFO]: User not logged in!
[2020.02.24 01:01:00][main.cpp :187][INFO]: sync client info success!
[2020.02.24 01:01:02][main.cpp :187][INFO]: User not logged in!
[2020.02.24 01:01:10][main.cpp :187][INFO]: sync client info success!
[2020.02.24 01:01:12][main.cpp :187][INFO]: User not logged in!
[2020.02.24 01:01:20][main.cpp :187][INFO]: sync client info success!
[2020.02.24 01:01:22][main.cpp :187][INFO]: User not logged in!
[2020.02.24 01:01:30][main.cpp :187][INFO]: sync client info success!
[2020.02.24 01:01:32][main.cpp :187][INFO]: User not logged in!
[2020.02.24 01:01:40][main.cpp :187][INFO]: sync client info success!
[2020.02.24 01:01:42][main.cpp :187][INFO]: User not logged in!
[2020.02.24 01:01:50][main.cpp :187][INFO]: sync client info success!
[2020.02.24 01:01:52][main.cpp :187][INFO]: User not logged in!
[2020.02.24 01:02:00][main.cpp :187][INFO]: sync client info success!
[2020.02.24 01:02:02][main.cpp :187][INFO]: User not logged in!
[2020.02.24 01:02:10][main.cpp :187][INFO]: sync client info success!
[2020.02.24 01:02:12][main.cpp :187][INFO]: User not logged in!
[2020.02.24 01:02:20][main.cpp :187][INFO]: sync client info success!
[2020.02.24 01:02:22][main.cpp :187][INFO]: User not logged in!
[2020.02.24 01:02:30][main.cpp :187][INFO]: sync client info success!
[2020.02.24 01:02:32][main.cpp :187][INFO]: User not logged in!
[2020.02.24 01:02:40][main.cpp :187][INFO]: sync client info success!
[2020.02.24 01:02:42][main.cpp :187][INFO]: User not logged in!
[2020.02.24 01:02:50][main.cpp :187][INFO]: sync client info success!
[2020.02.24 01:02:52][main.cpp :187][INFO]: User not logged in!
[2020.02.24 01:03:00][main.cpp :187][INFO]: sync client info success!
[2020.02.24 01:03:02][main.cpp :187][INFO]: User not logged in!
[2020.02.24 01:03:10][main.cpp :187][INFO]: sync client info success!
[2020.02.24 01:03:12][main.cpp :187][INFO]: User not logged in!
[2020.02.24 01:03:20][main.cpp :187][INFO]: sync client info success!
[2020.02.24 01:03:22][main.cpp :187][INFO]: User not logged in!
[2020.02.24 01:03:30][main.cpp :187][INFO]: sync client info success!
[2020.02.24 01:03:32][main.cpp :187][INFO]: User not logged in!
[2020.02.24 01:03:40][main.cpp :187][INFO]: sync client info success!
[2020.02.24 01:03:42][main.cpp :187][INFO]: User not logged in!
[2020.02.24 01:03:50][main.cpp :187][INFO]: sync client info success!
[2020.02.24 01:03:52][main.cpp :187][INFO]: User not logged in!
[2020.02.24 01:04:00][main.cpp :187][INFO]: sync client info success!
[2020.02.24 01:04:02][main.cpp :187][INFO]: User not logged in!
[2020.02.24 01:04:10][main.cpp :187][INFO]: sync client info success!
[2020.02.24 01:04:12][main.cpp :187][INFO]: User not logged in!
[2020.02.24 01:04:20][main.cpp :187][INFO]: sync client info success!
[2020.02.24 01:04:22][main.cpp :187][INFO]: User not logged in!
[2020.02.24 01:04:30][main.cpp :187][INFO]: sync client info success!
[2020.02.24 01:04:32][main.cpp :187][INFO]: User not logged in!
[2020.02.24 01:04:40][main.cpp :187][INFO]: sync client info success!
[2020.02.24 01:04:42][main.cpp :187][INFO]: User not logged in!
[2020.02.24 01:04:50][main.cpp :187][INFO]: sync client info success!
[2020.02.24 01:04:52][main.cpp :187][INFO]: User not logged in!
[2020.02.24 01:05:00][main.cpp :187][INFO]: sync client info success!
[2020.02.24 01:05:02][main.cpp :187][INFO]: User not logged in!
[2020.02.24 01:05:10][main.cpp :187][INFO]: sync client info success!
[2020.02.24 01:05:12][main.cpp :187][INFO]: User not logged in!
[2020.02.24 01:05:20][main.cpp :187][INFO]: sync client info success!
[2020.02.24 01:05:22][main.cpp :187][INFO]: User not logged in!
[2020.02.24 01:05:30][main.cpp :187][INFO]: sync client info success!
[2020.02.24 01:05:32][main.cpp :187][INFO]: User not logged in!
[2020.02.24 01:05:40][main.cpp :187][INFO]: sync client info success!
[2020.02.24 01:05:42][main.cpp :187][INFO]: User not logged in!
[2020.02.24 01:05:50][main.cpp :187][INFO]: sync client info success!
[2020.02.24 01:05:52][main.cpp :187][INFO]: User not logged in!
[2020.02.24 01:06:00][main.cpp :187][INFO]: sync client info success!
[2020.02.24 01:06:02][main.cpp :187][INFO]: User not logged in!
[2020.02.24 01:06:10][main.cpp :187][INFO]: sync client info success!
[2020.02.24 01:06:12][main.cpp :187][INFO]: User not logged in!
[2020.02.24 01:06:20][main.cpp :187][INFO]: sync client info success!
[2020.02.24 01:06:22][main.cpp :187][INFO]: User not logged in!
[2020.02.24 01:06:30][main.cpp :187][INFO]: sync client info success!
[2020.02.24 01:06:32][main.cpp :187][INFO]: User not logged in!
[2020.02.24 01:06:40][main.cpp :187][INFO]: sync client info success!
[2020.02.24 01:06:42][main.cpp :187][INFO]: User not logged in!
[2020.02.24 01:06:50][main.cpp :187][INFO]: sync client info success!
[2020.02.24 01:06:52][main.cpp :187][INFO]: User not logged in!
[2020.02.24 01:07:00][main.cpp :187][INFO]: sync client info success!
[2020.02.24 01:07:02][main.cpp :187][INFO]: User not logged in!
[2020.02.24 01:07:10][main.cpp :187][INFO]: sync client info success!
[2020.02.24 01:07:12][main.cpp :187][INFO]: User not logged in!
[2020.02.24 01:07:20][main.cpp :187][INFO]: sync client info success!
[2020.02.24 01:07:22][main.cpp :187][INFO]: User not logged in!
[2020.02.24 01:07:30][main.cpp :187][INFO]: sync client info success!
[2020.02.24 01:07:32][main.cpp :187][INFO]: User not logged in!
[2020.02.24 01:07:40][main.cpp :187][INFO]: sync client info success!
[2020.02.24 01:07:42][main.cpp :187][INFO]: User not logged in!
[2020.02.24 01:07:50][main.cpp :187][INFO]: sync client info success!
[2020.02.24 01:07:52][main.cpp :187][INFO]: User not logged in!
[2020.02.24 01:08:00][main.cpp :187][INFO]: sync client info success!
[2020.02.24 01:08:02][main.cpp :187][INFO]: User not logged in!
[2020.02.24 01:08:10][main.cpp :187][INFO]: sync client info success!
[2020.02.24 01:08:12][main.cpp :187][INFO]: User not logged in!
[2020.02.24 01:08:20][main.cpp :187][INFO]: sync client info success!
[2020.02.24 01:08:22][main.cpp :187][INFO]: User not logged in!
[2020.02.24 01:08:30][main.cpp :187][INFO]: sync client info success!
[2020.02.24 01:08:32][main.cpp :187][INFO]: User not logged in!
[2020.02.24 01:08:40][main.cpp :187][INFO]: sync client info success!
[2020.02.24 01:08:42][main.cpp :187][INFO]: User not logged in!
[2020.02.24 01:08:50][main.cpp :187][INFO]: sync client info success!
[2020.02.24 01:08:52][main.cpp :187][INFO]: User not logged in!
[2020.02.24 01:09:00][main.cpp :187][INFO]: sync client info success!
[2020.02.24 01:09:02][main.cpp :187][INFO]: User not logged in!
[2020.02.24 01:09:10][main.cpp :187][INFO]: sync client info success!
[2020.02.24 01:09:12][main.cpp :187][INFO]: User not logged in!
[2020.02.24 01:09:20][main.cpp :187][INFO]: sync client info success!
[2020.02.24 01:09:22][main.cpp :187][INFO]: User not logged in!
[2020.02.24 01:09:30][main.cpp :187][INFO]: sync client info success!
[2020.02.24 01:09:32][main.cpp :187][INFO]: User not logged in!
[2020.02.24 01:09:40][main.cpp :187][INFO]: sync client info success!
[2020.02.24 01:09:42][main.cpp :187][INFO]: User not logged in!
[2020.02.24 01:09:50][main.cpp :187][INFO]: sync client info success!
[2020.02.24 01:09:52][main.cpp :187][INFO]: User not logged in!
[2020.02.24 01:10:00][main.cpp :187][INFO]: sync client info success!
[2020.02.24 01:10:02][main.cpp :187][INFO]: User not logged in!
[2020.02.24 01:10:10][main.cpp :187][INFO]: sync client info success!
[2020.02.24 01:10:12][main.cpp :187][INFO]: User not logged in!
[2020.02.24 01:10:20][main.cpp :187][INFO]: sync client info success!
[2020.02.24 01:10:22][main.cpp :187][INFO]: User not logged in!
[2020.02.24 01:10:30][main.cpp :187][INFO]: sync client info success!
[2020.02.24 01:10:32][main.cpp :187][INFO]: User not logged in!
[2020.02.24 01:10:40][main.cpp :187][INFO]: sync client info success!
[2020.02.24 01:10:42][main.cpp :187][INFO]: User not logged in!
[2020.02.24 01:10:50][main.cpp :187][INFO]: sync client info success!
[2020.02.24 01:10:52][main.cpp :187][INFO]: User not logged in!
[2020.02.24 01:11:00][main.cpp :187][INFO]: sync client info success!
[2020.02.24 01:11:02][main.cpp :187][INFO]: User not logged in!
[2020.02.24 01:11:11][main.cpp :187][INFO]: sync client info success!
[2020.02.24 01:11:12][main.cpp :187][INFO]: User not logged in!
[2020.02.24 01:11:21][main.cpp :187][INFO]: sync client info success!
[2020.02.24 01:11:22][main.cpp :187][INFO]: User not logged in!
[2020.02.24 01:11:31][main.cpp :187][INFO]: sync client info success!
[2020.02.24 01:11:32][main.cpp :187][INFO]: User not logged in!
[2020.02.24 01:11:41][main.cpp :187][INFO]: sync client info success!
[2020.02.24 01:11:42][main.cpp :187][INFO]: User not logged in!
[2020.02.24 01:11:51][main.cpp :187][INFO]: sync client info success!
[2020.02.24 01:11:52][main.cpp :187][INFO]: User not logged in!
[2020.02.24 01:12:01][main.cpp :187][INFO]: sync client info success!
[2020.02.24 01:12:02][main.cpp :187][INFO]: User not logged in!
[2020.02.24 01:12:11][main.cpp :187][INFO]: sync client info success!
[2020.02.24 01:12:12][main.cpp :187][INFO]: User not logged in!
[2020.02.24 01:12:21][main.cpp :187][INFO]: sync client info success!
[2020.02.24 01:12:22][main.cpp :187][INFO]: User not logged in!
[2020.02.24 01:12:31][main.cpp :187][INFO]: sync client info success!
[2020.02.24 01:12:32][main.cpp :187][INFO]: User not logged in!
[2020.02.24 01:12:41][main.cpp :187][INFO]: sync client info success!
[2020.02.24 01:12:42][main.cpp :187][INFO]: User not logged in!
[2020.02.24 01:12:51][main.cpp :187][INFO]: sync client info success!
[2020.02.24 01:12:52][main.cpp :187][INFO]: User not logged in!
[2020.02.24 01:13:01][main.cpp :187][INFO]: sync client info success!
[2020.02.24 01:13:02][main.cpp :187][INFO]: User not logged in!
[2020.02.24 01:13:11][main.cpp :187][INFO]: sync client info success!
[2020.02.24 01:13:12][main.cpp :187][INFO]: User not logged in!
[2020.02.24 01:13:21][main.cpp :187][INFO]: sync client info success!
[2020.02.24 01:13:22][main.cpp :187][INFO]: User not logged in!
[2020.02.24 01:13:31][main.cpp :187][INFO]: sync client info success!
[2020.02.24 01:13:32][main.cpp :187][INFO]: User not logged in!
[2020.02.24 01:13:41][main.cpp :187][INFO]: sync client info success!
[2020.02.24 01:13:42][main.cpp :187][INFO]: User not logged in!
[2020.02.24 01:13:51][main.cpp :187][INFO]: sync client info success!
[2020.02.24 01:13:52][main.cpp :187][INFO]: User not logged in!
[2020.02.24 01:14:01][main.cpp :187][INFO]: sync client info success!
[2020.02.24 01:14:02][main.cpp :187][INFO]: User not logged in!
[2020.02.24 01:14:11][main.cpp :187][INFO]: sync client info success!
[2020.02.24 01:14:12][main.cpp :187][INFO]: User not logged in!
[2020.02.24 01:14:21][main.cpp :187][INFO]: sync client info success!
[2020.02.24 01:14:22][main.cpp :187][INFO]: User not logged in!
[2020.02.24 01:14:31][main.cpp :187][INFO]: sync client info success!
[2020.02.24 01:14:32][main.cpp :187][INFO]: User not logged in!
[2020.02.24 01:14:41][main.cpp :187][INFO]: sync client info success!
[2020.02.24 01:14:42][main.cpp :187][INFO]: User not logged in!
[2020.02.24 01:14:51][main.cpp :187][INFO]: sync client info success!
[2020.02.24 01:14:52][main.cpp :187][INFO]: User not logged in!
[2020.02.24 01:15:01][main.cpp :187][INFO]: sync client info success!
[2020.02.24 01:15:02][main.cpp :187][INFO]: User not logged in!
[2020.02.24 01:15:11][main.cpp :187][INFO]: sync client info success!
[2020.02.24 01:15:12][main.cpp :187][INFO]: User not logged in!
[2020.02.24 01:15:21][main.cpp :187][INFO]: sync client info success!
[2020.02.24 01:15:22][main.cpp :187][INFO]: User not logged in!
[2020.02.24 01:15:31][main.cpp :187][INFO]: sync client info success!
[2020.02.24 01:15:32][main.cpp :187][INFO]: User not logged in!
[2020.02.24 01:15:41][main.cpp :187][INFO]: sync client info success!
[2020.02.24 01:15:42][main.cpp :187][INFO]: User not logged in!
[2020.02.24 01:15:51][main.cpp :187][INFO]: sync client info success!
[2020.02.24 01:15:52][main.cpp :187][INFO]: User not logged in!
[2020.02.24 01:16:01][main.cpp :187][INFO]: sync client info success!
[2020.02.24 01:16:02][main.cpp :187][INFO]: User not logged in!
[2020.02.24 01:16:11][main.cpp :187][INFO]: sync client info success!
[2020.02.24 01:16:12][main.cpp :187][INFO]: User not logged in!
[2020.02.24 01:16:21][main.cpp :187][INFO]: sync client info success!
[2020.02.24 01:16:22][main.cpp :187][INFO]: User not logged in!
[2020.02.24 01:16:31][main.cpp :187][INFO]: sync client info success!
[2020.02.24 01:16:32][main.cpp :187][INFO]: User not logged in!
[2020.02.24 01:16:41][main.cpp :187][INFO]: sync client info success!
[2020.02.24 01:16:42][main.cpp :187][INFO]: User not logged in!
[2020.02.24 01:16:51][main.cpp :187][INFO]: sync client info success!
[2020.02.24 01:16:52][main.cpp :187][INFO]: User not logged in!
[2020.02.24 01:17:01][main.cpp :187][INFO]: sync client info success!
[2020.02.24 01:17:02][main.cpp :187][INFO]: User not logged in!
[2020.02.24 01:17:11][main.cpp :187][INFO]: sync client info success!
[2020.02.24 01:17:12][main.cpp :187][INFO]: User not logged in!
[2020.02.24 01:17:21][main.cpp :187][INFO]: sync client info success!
[2020.02.24 01:17:22][main.cpp :187][INFO]: User not logged in!
[2020.02.24 01:17:31][main.cpp :187][INFO]: sync client info success!
[2020.02.24 01:17:32][main.cpp :187][INFO]: User not logged in!
[2020.02.24 01:17:41][main.cpp :187][INFO]: sync client info success!
[2020.02.24 01:17:42][main.cpp :187][INFO]: User not logged in!
[2020.02.24 01:17:51][main.cpp :187][INFO]: sync client info success!
[2020.02.24 01:17:52][main.cpp :187][INFO]: User not logged in!
[2020.02.24 01:18:01][main.cpp :187][INFO]: sync client info success!
[2020.02.24 01:18:02][main.cpp :187][INFO]: User not logged in!
[2020.02.24 01:18:11][main.cpp :187][INFO]: sync client info success!
[2020.02.24 01:18:12][main.cpp :187][INFO]: User not logged in!
[2020.02.24 01:18:21][main.cpp :187][INFO]: sync client info success!
[2020.02.24 01:18:22][main.cpp :187][INFO]: User not logged in!
[2020.02.24 01:18:31][main.cpp :187][INFO]: sync client info success!
[2020.02.24 01:18:32][main.cpp :187][INFO]: User not logged in!
[2020.02.24 01:18:41][main.cpp :187][INFO]: sync client info success!
[2020.02.24 01:18:42][main.cpp :187][INFO]: User not logged in!
[2020.02.24 01:18:51][main.cpp :187][INFO]: sync client info success!
[2020.02.24 01:18:52][main.cpp :187][INFO]: User not logged in!
[2020.02.24 01:19:01][main.cpp :187][INFO]: sync client info success!
[2020.02.24 01:19:02][main.cpp :187][INFO]: User not logged in!
[2020.02.24 01:19:11][main.cpp :187][INFO]: sync client info success!
[2020.02.24 01:19:12][main.cpp :187][INFO]: User not logged in!
[2020.02.24 01:19:21][main.cpp :187][INFO]: sync client info success!
[2020.02.24 01:19:22][main.cpp :187][INFO]: User not logged in!
[2020.02.24 01:19:31][main.cpp :187][INFO]: sync client info success!
[2020.02.24 01:19:32][main.cpp :187][INFO]: User not logged in!
[2020.02.24 01:19:41][main.cpp :187][INFO]: sync client info success!
[2020.02.24 01:19:42][main.cpp :187][INFO]: User not logged in!
[2020.02.24 01:19:51][main.cpp :187][INFO]: sync client info success!
[2020.02.24 01:19:52][main.cpp :187][INFO]: User not logged in!
[2020.02.24 01:20:01][main.cpp :187][INFO]: sync client info success!
[2020.02.24 01:20:02][main.cpp :187][INFO]: User not logged in!
[2020.02.24 01:20:11][main.cpp :191][INFO]: syncClientInfo failed!
[2020.02.24 01:20:12][main.cpp :191][INFO]: syncClientInfo failed!
[2020.02.24 01:20:21][main.cpp :191][INFO]: syncClientInfo failed!
[2020.02.24 01:20:22][main.cpp :191][INFO]: syncClientInfo failed!
[2020.02.24 01:20:31][main.cpp :191][INFO]: syncClientInfo failed!
[2020.02.24 01:20:32][main.cpp :191][INFO]: syncClientInfo failed!
[2020.02.24 01:20:41][main.cpp :191][INFO]: syncClientInfo failed!
[2020.02.24 01:20:42][main.cpp :191][INFO]: syncClientInfo failed!
[2020.02.24 01:20:51][main.cpp :191][INFO]: syncClientInfo failed!
[2020.02.24 01:20:52][main.cpp :191][INFO]: syncClientInfo failed!
[2020.02.24 01:21:01][main.cpp :191][INFO]: syncClientInfo failed!
[2020.02.24 01:21:02][main.cpp :191][INFO]: syncClientInfo failed!
[2020.02.24 01:21:11][main.cpp :191][INFO]: syncClientInfo failed!
[2020.02.24 01:21:12][main.cpp :191][INFO]: syncClientInfo failed!
[2020.02.24 01:21:21][main.cpp :191][INFO]: syncClientInfo failed!
[2020.02.24 01:21:22][main.cpp :191][INFO]: syncClientInfo failed!
[2020.02.24 01:21:31][main.cpp :191][INFO]: syncClientInfo failed!
[2020.02.24 01:21:32][main.cpp :191][INFO]: syncClientInfo failed!
[2020.02.24 01:21:41][main.cpp :191][INFO]: syncClientInfo failed!
[2020.02.24 01:21:42][main.cpp :191][INFO]: syncClientInfo failed!
[2020.02.24 01:21:51][main.cpp :191][INFO]: syncClientInfo failed!
[2020.02.24 01:21:52][main.cpp :191][INFO]: syncClientInfo failed!
[2020.02.24 01:22:01][main.cpp :191][INFO]: syncClientInfo failed!
[2020.02.24 01:22:02][main.cpp :191][INFO]: syncClientInfo failed!
[2020.02.24 01:22:11][main.cpp :191][INFO]: syncClientInfo failed!
[2020.02.24 01:22:12][main.cpp :191][INFO]: syncClientInfo failed!
[2020.02.24 01:22:21][main.cpp :191][INFO]: syncClientInfo failed!
[2020.02.24 01:22:22][main.cpp :191][INFO]: syncClientInfo failed!
[2020.02.24 01:22:31][main.cpp :191][INFO]: syncClientInfo failed!
[2020.02.24 01:22:32][main.cpp :191][INFO]: syncClientInfo failed!
[2020.02.24 01:22:41][main.cpp :191][INFO]: syncClientInfo failed!
[2020.02.24 01:22:42][main.cpp :191][INFO]: syncClientInfo failed!
[2020.02.24 01:22:51][main.cpp :191][INFO]: syncClientInfo failed!
[2020.02.24 01:22:52][main.cpp :191][INFO]: syncClientInfo failed!
[2020.02.24 01:23:01][main.cpp :191][INFO]: syncClientInfo failed!
[2020.02.24 01:23:02][main.cpp :191][INFO]: syncClientInfo failed!
[2020.02.24 01:23:11][main.cpp :191][INFO]: syncClientInfo failed!
[2020.02.24 01:23:12][main.cpp :191][INFO]: syncClientInfo failed!
[2020.02.24 01:23:21][main.cpp :191][INFO]: syncClientInfo failed!
[2020.02.24 01:23:22][main.cpp :191][INFO]: syncClientInfo failed!
[2020.02.24 01:23:31][main.cpp :191][INFO]: syncClientInfo failed!
[2020.02.24 01:23:32][main.cpp :191][INFO]: syncClientInfo failed!
[2020.02.24 01:23:41][main.cpp :191][INFO]: syncClientInfo failed!
[2020.02.24 01:23:42][main.cpp :191][INFO]: syncClientInfo failed!
[2020.02.24 01:23:51][main.cpp :191][INFO]: syncClientInfo failed!
[2020.02.24 01:23:52][main.cpp :191][INFO]: syncClientInfo failed!
[2020.02.24 01:24:01][main.cpp :191][INFO]: syncClientInfo failed!
[2020.02.24 01:24:02][main.cpp :191][INFO]: syncClientInfo failed!
[2020.02.24 01:24:11][main.cpp :191][INFO]: syncClientInfo failed!
[2020.02.24 01:24:12][main.cpp :191][INFO]: syncClientInfo failed!
[2020.02.24 01:24:21][main.cpp :191][INFO]: syncClientInfo failed!
[2020.02.24 01:24:22][main.cpp :191][INFO]: syncClientInfo failed!
[2020.02.24 01:24:31][main.cpp :191][INFO]: syncClientInfo failed!
[2020.02.24 01:24:32][main.cpp :191][INFO]: syncClientInfo failed!
[2020.02.24 01:24:41][main.cpp :191][INFO]: syncClientInfo failed!
[2020.02.24 01:24:42][main.cpp :191][INFO]: syncClientInfo failed!
[2020.02.24 01:24:51][main.cpp :191][INFO]: syncClientInfo failed!
[2020.02.24 01:24:52][main.cpp :191][INFO]: syncClientInfo failed!
[2020.02.24 01:25:01][main.cpp :191][INFO]: syncClientInfo failed!
[2020.02.24 01:25:02][main.cpp :191][INFO]: syncClientInfo failed!
[2020.02.24 01:25:11][main.cpp :191][INFO]: syncClientInfo failed!
[2020.02.24 01:25:12][main.cpp :191][INFO]: syncClientInfo failed!
[2020.02.24 01:25:21][main.cpp :191][INFO]: syncClientInfo failed!
[2020.02.24 01:25:22][main.cpp :191][INFO]: syncClientInfo failed!
[2020.02.24 01:25:31][main.cpp :191][INFO]: syncClientInfo failed!
[2020.02.24 01:25:32][main.cpp :191][INFO]: syncClientInfo failed!
[2020.02.24 01:25:41][main.cpp :191][INFO]: syncClientInfo failed!
[2020.02.24 01:25:42][main.cpp :191][INFO]: syncClientInfo failed!
[2020.02.24 01:25:51][main.cpp :191][INFO]: syncClientInfo failed!
[2020.02.24 01:25:52][main.cpp :191][INFO]: syncClientInfo failed!
[2020.02.24 01:26:01][main.cpp :191][INFO]: syncClientInfo failed!
[2020.02.24 01:26:02][main.cpp :191][INFO]: syncClientInfo failed!
[2020.02.24 01:26:11][main.cpp :191][INFO]: syncClientInfo failed!
[2020.02.24 01:26:12][main.cpp :191][INFO]: syncClientInfo failed!
[2020.02.24 01:26:21][main.cpp :191][INFO]: syncClientInfo failed!
[2020.02.24 01:26:22][main.cpp :191][INFO]: syncClientInfo failed!
[2020.02.24 01:26:31][main.cpp :191][INFO]: syncClientInfo failed!
[2020.02.24 01:26:32][main.cpp :191][INFO]: syncClientInfo failed!
[2020.02.24 01:26:41][main.cpp :191][INFO]: syncClientInfo failed!
[2020.02.24 01:26:42][main.cpp :191][INFO]: syncClientInfo failed!
[2020.02.24 01:26:51][main.cpp :191][INFO]: syncClientInfo failed!
[2020.02.24 01:26:52][main.cpp :191][INFO]: syncClientInfo failed!
[2020.02.24 01:27:01][main.cpp :191][INFO]: syncClientInfo failed!
[2020.02.24 01:27:02][main.cpp :191][INFO]: syncClientInfo failed!
[2020.02.24 01:27:11][main.cpp :191][INFO]: syncClientInfo failed!
[2020.02.24 01:27:12][main.cpp :191][INFO]: syncClientInfo failed!
[2020.02.24 01:27:21][main.cpp :191][INFO]: syncClientInfo failed!
[2020.02.24 01:27:22][main.cpp :191][INFO]: syncClientInfo failed!
[2020.02.24 01:27:31][main.cpp :191][INFO]: syncClientInfo failed!
[2020.02.24 01:27:32][main.cpp :191][INFO]: syncClientInfo failed!
[2020.02.24 01:27:41][main.cpp :191][INFO]: syncClientInfo failed!
[2020.02.24 01:27:42][main.cpp :191][INFO]: syncClientInfo failed!
[2020.02.24 01:27:51][main.cpp :191][INFO]: syncClientInfo failed!
[2020.02.24 01:27:52][main.cpp :191][INFO]: syncClientInfo failed!
[2020.02.24 01:28:01][main.cpp :191][INFO]: syncClientInfo failed!
[2020.02.24 01:28:02][main.cpp :191][INFO]: syncClientInfo failed!
[2020.02.24 01:28:11][main.cpp :191][INFO]: syncClientInfo failed!
[2020.02.24 01:28:12][main.cpp :191][INFO]: syncClientInfo failed!
[2020.02.24 01:28:21][main.cpp :191][INFO]: syncClientInfo failed!
[2020.02.24 01:28:22][main.cpp :191][INFO]: syncClientInfo failed!
[2020.02.24 01:28:31][main.cpp :191][INFO]: syncClientInfo failed!
[2020.02.24 01:28:32][main.cpp :191][INFO]: syncClientInfo failed!
[2020.02.24 01:28:41][main.cpp :191][INFO]: syncClientInfo failed!
[2020.02.24 01:28:42][main.cpp :191][INFO]: syncClientInfo failed!
[2020.02.24 01:28:51][main.cpp :191][INFO]: syncClientInfo failed!
[2020.02.24 01:28:52][main.cpp :191][INFO]: syncClientInfo failed!
[2020.02.24 01:29:01][main.cpp :191][INFO]: syncClientInfo failed!
[2020.02.24 01:29:03][main.cpp :191][INFO]: syncClientInfo failed!
[2020.02.24 01:29:11][main.cpp :191][INFO]: syncClientInfo failed!
[2020.02.24 01:29:13][main.cpp :191][INFO]: syncClientInfo failed!
[2020.02.24 01:29:21][main.cpp :191][INFO]: syncClientInfo failed!
[2020.02.24 01:29:23][main.cpp :191][INFO]: syncClientInfo failed!
[2020.02.24 01:29:31][main.cpp :191][INFO]: syncClientInfo failed!
[2020.02.24 01:29:33][main.cpp :191][INFO]: syncClientInfo failed!
[2020.02.24 01:29:41][main.cpp :191][INFO]: syncClientInfo failed!
[2020.02.24 01:29:43][main.cpp :191][INFO]: syncClientInfo failed!
[2020.02.24 01:29:51][main.cpp :191][INFO]: syncClientInfo failed!
[2020.02.24 01:29:53][main.cpp :191][INFO]: syncClientInfo failed!
[2020.02.24 01:30:01][main.cpp :191][INFO]: syncClientInfo failed!
[2020.02.24 01:30:03][main.cpp :191][INFO]: syncClientInfo failed!
[2020.02.24 01:30:11][main.cpp :191][INFO]: syncClientInfo failed!
[2020.02.24 01:30:13][main.cpp :191][INFO]: syncClientInfo failed!
[2020.02.24 01:30:21][main.cpp :191][INFO]: syncClientInfo failed!
[2020.02.24 01:30:23][main.cpp :191][INFO]: syncClientInfo failed!
[2020.02.24 01:30:31][main.cpp :191][INFO]: syncClientInfo failed!
[2020.02.24 01:30:33][main.cpp :191][INFO]: syncClientInfo failed!
[2020.02.24 01:30:41][main.cpp :191][INFO]: syncClientInfo failed!
[2020.02.24 01:30:43][main.cpp :191][INFO]: syncClientInfo failed!
[2020.02.24 01:30:51][main.cpp :191][INFO]: syncClientInfo failed!
[2020.02.24 01:30:53][main.cpp :191][INFO]: syncClientInfo failed!
[2020.02.24 01:31:01][main.cpp :191][INFO]: syncClientInfo failed!
[2020.02.24 01:31:03][main.cpp :191][INFO]: syncClientInfo failed!
[2020.02.24 01:31:11][main.cpp :191][INFO]: syncClientInfo failed!
[2020.02.24 01:55:35][main.cpp :154][INFO]: Server listening on 127.0.0.1:56202
[2020.02.24 01:57:54][main.cpp :154][INFO]: Server listening on 127.0.0.1:56278
[2020.02.24 01:58:00][main.cpp :187][INFO]: User not logged in!
[2020.02.24 01:59:00][main.cpp :154][INFO]: Server listening on 127.0.0.1:56317
[2020.02.24 01:59:24][main.cpp :187][INFO]: User not logged in!
[2020.02.24 01:59:34][main.cpp :187][INFO]: sync client info success!
[2020.02.24 01:59:40][main.cpp :154][INFO]: Server listening on 127.0.0.1:56345
[2020.02.24 01:59:44][main.cpp :187][INFO]: sync client info success!
[2020.02.24 01:59:50][main.cpp :187][INFO]: sync client info success!
[2020.02.24 02:00:00][main.cpp :187][INFO]: sync client info success!
[2020.02.24 02:00:10][main.cpp :187][INFO]: sync client info success!
[2020.02.24 02:00:20][main.cpp :187][INFO]: sync client info success!
[2020.02.24 02:00:30][main.cpp :187][INFO]: sync client info success!
[2020.02.24 02:00:40][main.cpp :187][INFO]: sync client info success!
[2020.02.24 02:00:50][main.cpp :187][INFO]: sync client info success!
[2020.02.24 02:01:00][main.cpp :187][INFO]: sync client info success!
[2020.02.24 02:01:10][main.cpp :187][INFO]: sync client info success!
[2020.02.24 02:01:20][main.cpp :187][INFO]: sync client info success!
[2020.02.24 02:01:30][main.cpp :187][INFO]: sync client info success!
[2020.02.24 02:01:40][main.cpp :187][INFO]: sync client info success!
[2020.02.24 02:01:50][main.cpp :187][INFO]: sync client info success!
[2020.02.24 02:02:00][main.cpp :187][INFO]: sync client info success!
[2020.02.24 02:02:10][main.cpp :187][INFO]: sync client info success!
[2020.02.24 02:02:20][main.cpp :187][INFO]: sync client info success!
[2020.02.24 02:02:30][main.cpp :187][INFO]: sync client info success!
[2020.02.24 02:02:40][main.cpp :187][INFO]: sync client info success!
[2020.02.24 02:02:50][main.cpp :187][INFO]: sync client info success!
[2020.02.24 02:03:00][main.cpp :187][INFO]: sync client info success!
[2020.02.24 02:03:10][main.cpp :187][INFO]: sync client info success!
[2020.02.24 02:03:20][main.cpp :187][INFO]: sync client info success!
[2020.02.24 02:03:30][main.cpp :187][INFO]: sync client info success!
[2020.02.24 02:03:40][main.cpp :187][INFO]: sync client info success!
[2020.02.24 02:03:50][main.cpp :187][INFO]: sync client info success!
[2020.02.24 02:04:00][main.cpp :187][INFO]: sync client info success!
[2020.02.24 02:04:10][main.cpp :187][INFO]: sync client info success!
[2020.02.24 02:04:20][main.cpp :187][INFO]: sync client info success!
[2020.02.24 02:04:30][main.cpp :187][INFO]: sync client info success!
[2020.02.24 02:04:40][main.cpp :187][INFO]: sync client info success!
[2020.02.24 02:04:50][main.cpp :187][INFO]: sync client info success!
[2020.02.24 02:05:00][main.cpp :187][INFO]: sync client info success!
[2020.02.24 02:05:10][main.cpp :187][INFO]: sync client info success!
[2020.02.24 02:05:20][main.cpp :187][INFO]: sync client info success!
[2020.02.24 02:05:30][main.cpp :187][INFO]: sync client info success!
[2020.02.24 02:05:40][main.cpp :187][INFO]: sync client info success!
[2020.02.24 02:05:51][main.cpp :187][INFO]: sync client info success!
[2020.02.24 02:06:01][main.cpp :187][INFO]: sync client info success!
[2020.02.24 02:06:11][main.cpp :187][INFO]: sync client info success!
[2020.02.24 02:06:21][main.cpp :187][INFO]: sync client info success!
[2020.02.24 02:06:31][main.cpp :187][INFO]: sync client info success!
[2020.02.24 02:06:41][main.cpp :187][INFO]: sync client info success!
[2020.02.24 02:06:51][main.cpp :187][INFO]: sync client info success!
[2020.02.24 02:07:01][main.cpp :187][INFO]: sync client info success!
[2020.02.24 02:07:11][main.cpp :187][INFO]: sync client info success!
[2020.02.24 02:07:21][main.cpp :187][INFO]: sync client info success!
[2020.02.24 02:07:31][main.cpp :187][INFO]: sync client info success!
[2020.02.24 02:07:41][main.cpp :187][INFO]: sync client info success!
[2020.02.24 02:07:51][main.cpp :187][INFO]: sync client info success!
[2020.02.24 02:08:01][main.cpp :187][INFO]: sync client info success!
[2020.02.24 02:08:11][main.cpp :187][INFO]: sync client info success!
[2020.02.24 02:08:21][main.cpp :187][INFO]: sync client info success!
[2020.02.24 02:08:31][main.cpp :187][INFO]: sync client info success!
[2020.02.24 02:09:29][main.cpp :154][INFO]: Server listening on 127.0.0.1:56645
[2020.02.24 02:09:32][main.cpp :187][INFO]: sync client info success!
[2020.02.24 02:09:39][main.cpp :154][INFO]: Server listening on 127.0.0.1:56655
[2020.02.24 02:09:42][main.cpp :187][INFO]: sync client info success!
[2020.02.24 02:09:45][main.cpp :187][INFO]: sync client info success!
[2020.02.24 23:39:37][main.cpp :156][INFO]: Server listening on 127.0.0.1:58490
[2020.02.24 23:40:15][main.cpp :190][INFO]: sync client info success!
[2020.02.24 23:40:20][main.cpp :190][INFO]: sync client info success!
[2020.02.24 23:40:25][main.cpp :156][INFO]: Server listening on 127.0.0.1:58513
[2020.02.24 23:40:25][main.cpp :190][INFO]: sync client info success!
[2020.02.24 23:40:29][main.cpp :190][INFO]: sync client info success!
[2020.02.24 23:40:34][main.cpp :190][INFO]: sync client info success!
[2020.02.24 23:40:39][main.cpp :190][INFO]: sync client info success!
[2020.02.24 23:40:44][main.cpp :190][INFO]: sync client info success!
[2020.02.24 23:40:49][main.cpp :190][INFO]: sync client info success!
[2020.02.24 23:40:58][main.cpp :156][INFO]: Server listening on 127.0.0.1:58532
[2020.02.24 23:41:03][main.cpp :190][INFO]: sync client info success!
[2020.02.24 23:41:08][main.cpp :190][INFO]: sync client info success!
[2020.02.24 23:41:10][main.cpp :156][INFO]: Server listening on 127.0.0.1:58541
[2020.02.24 23:41:13][main.cpp :190][INFO]: sync client info success!
[2020.02.24 23:41:18][main.cpp :190][INFO]: sync client info success!
[2020.02.24 23:41:21][main.cpp :190][INFO]: sync client info success!
[2020.02.24 23:41:23][main.cpp :190][INFO]: sync client info success!
[2020.02.24 23:41:26][main.cpp :190][INFO]: sync client info success!
[2020.02.24 23:41:28][main.cpp :190][INFO]: sync client info success!
[2020.02.24 23:41:31][main.cpp :190][INFO]: sync client info success!
[2020.02.24 23:41:33][main.cpp :190][INFO]: sync client info success!
[2020.02.24 23:41:36][main.cpp :190][INFO]: sync client info success!
[2020.02.24 23:41:41][main.cpp :194][INFO]: syncClientInfo failed!
[2020.02.24 23:41:46][main.cpp :194][INFO]: syncClientInfo failed!
[2020.02.24 23:41:51][main.cpp :194][INFO]: syncClientInfo failed!
[2020.02.24 23:41:56][main.cpp :194][INFO]: syncClientInfo failed!
[2020.02.24 23:42:01][main.cpp :194][INFO]: syncClientInfo failed!
[2020.02.24 23:42:06][main.cpp :194][INFO]: syncClientInfo failed!
[2020.02.24 23:42:11][main.cpp :194][INFO]: syncClientInfo failed!
[2020.02.24 23:42:16][main.cpp :194][INFO]: syncClientInfo failed!
[2020.02.24 23:42:21][main.cpp :194][INFO]: syncClientInfo failed!
[2020.02.24 23:42:26][main.cpp :194][INFO]: syncClientInfo failed!
[2020.02.24 23:42:31][main.cpp :194][INFO]: syncClientInfo failed!
[2020.02.24 23:42:36][main.cpp :194][INFO]: syncClientInfo failed!
[2020.02.24 23:42:41][main.cpp :194][INFO]: syncClientInfo failed!
[2020.02.24 23:42:46][main.cpp :194][INFO]: syncClientInfo failed!
[2020.02.24 23:42:51][main.cpp :194][INFO]: syncClientInfo failed!
[2020.02.24 23:42:56][main.cpp :194][INFO]: syncClientInfo failed!
[2020.02.24 23:43:01][main.cpp :194][INFO]: syncClientInfo failed!
[2020.02.24 23:43:06][main.cpp :194][INFO]: syncClientInfo failed!
[2020.02.24 23:43:07][main.cpp :156][INFO]: Server listening on 127.0.0.1:58607
[2020.02.24 23:43:11][main.cpp :194][INFO]: syncClientInfo failed!
[2020.02.24 23:43:11][main.cpp :190][INFO]: sync client info success!
[2020.02.24 23:43:16][main.cpp :194][INFO]: syncClientInfo failed!
[2020.02.24 23:43:16][main.cpp :190][INFO]: sync client info success!
[2020.02.24 23:43:21][main.cpp :194][INFO]: syncClientInfo failed!
[2020.02.24 23:43:21][main.cpp :190][INFO]: sync client info success!
[2020.02.24 23:43:26][main.cpp :194][INFO]: syncClientInfo failed!
[2020.02.24 23:43:26][main.cpp :190][INFO]: sync client info success!
[2020.02.24 23:43:31][main.cpp :194][INFO]: syncClientInfo failed!
[2020.02.24 23:43:31][main.cpp :190][INFO]: sync client info success!
[2020.02.24 23:43:36][main.cpp :194][INFO]: syncClientInfo failed!
[2020.02.24 23:43:36][main.cpp :190][INFO]: sync client info success!
[2020.02.24 23:43:41][main.cpp :194][INFO]: syncClientInfo failed!
[2020.02.24 23:43:41][main.cpp :190][INFO]: sync client info success!
[2020.02.24 23:43:46][main.cpp :190][INFO]: sync client info success!
[2020.02.24 23:43:46][main.cpp :190][INFO]: sync client info success!
[2020.02.24 23:43:51][main.cpp :190][INFO]: sync client info success!
[2020.02.24 23:43:56][main.cpp :190][INFO]: sync client info success!
[2020.02.24 23:44:01][main.cpp :190][INFO]: sync client info success!
[2020.02.24 23:44:06][main.cpp :190][INFO]: sync client info success!
[2020.02.24 23:44:11][main.cpp :190][INFO]: sync client info success!
[2020.02.24 23:44:23][main.cpp :156][INFO]: Server listening on 127.0.0.1:58644
[2020.02.24 23:44:26][main.cpp :190][INFO]: sync client info success!
[2020.02.24 23:44:41][main.cpp :156][INFO]: Server listening on 127.0.0.1:58657
[2020.02.24 23:44:46][main.cpp :190][INFO]: sync client info success!
[2020.02.24 23:44:51][main.cpp :190][INFO]: sync client info success!
[2020.02.24 23:44:52][main.cpp :156][INFO]: Server listening on 127.0.0.1:58663
[2020.02.24 23:44:56][main.cpp :190][INFO]: sync client info success!
[2020.02.24 23:44:56][main.cpp :190][INFO]: sync client info success!
[2020.02.24 23:45:01][main.cpp :190][INFO]: sync client info success!
[2020.02.24 23:45:02][main.cpp :156][INFO]: Server listening on 127.0.0.1:58674
[2020.02.24 23:45:06][main.cpp :190][INFO]: sync client info success!
[2020.02.24 23:45:06][main.cpp :190][INFO]: sync client info success!
[2020.02.24 23:45:11][main.cpp :190][INFO]: sync client info success!
[2020.02.24 23:45:11][main.cpp :190][INFO]: sync client info success!
[2020.02.24 23:45:16][main.cpp :190][INFO]: sync client info success!
[2020.02.24 23:45:17][main.cpp :190][INFO]: sync client info success!
[2020.02.24 23:45:22][main.cpp :190][INFO]: sync client info success!
[2020.02.24 23:45:27][main.cpp :190][INFO]: sync client info success!
[2020.02.24 23:45:32][main.cpp :190][INFO]: sync client info success!
[2020.02.24 23:45:37][main.cpp :190][INFO]: sync client info success!
[2020.02.24 23:45:42][main.cpp :190][INFO]: sync client info success!
[2020.02.24 23:45:47][main.cpp :190][INFO]: sync client info success!
[2020.02.24 23:45:52][main.cpp :190][INFO]: sync client info success!
[2020.02.24 23:45:57][main.cpp :190][INFO]: sync client info success!
[2020.02.24 23:46:02][main.cpp :190][INFO]: sync client info success!
[2020.02.24 23:46:07][main.cpp :190][INFO]: sync client info success!
[2020.02.24 23:46:12][main.cpp :190][INFO]: sync client info success!
[2020.02.24 23:46:17][main.cpp :190][INFO]: sync client info success!
[2020.02.24 23:46:22][main.cpp :190][INFO]: sync client info success!
[2020.02.24 23:46:27][main.cpp :190][INFO]: sync client info success!
[2020.02.24 23:46:32][main.cpp :190][INFO]: sync client info success!
[2020.02.24 23:46:37][main.cpp :190][INFO]: sync client info success!
[2020.02.24 23:46:42][main.cpp :190][INFO]: sync client info success!
[2020.02.24 23:46:47][main.cpp :190][INFO]: sync client info success!
[2020.02.24 23:46:52][main.cpp :190][INFO]: sync client info success!
[2020.02.24 23:46:57][main.cpp :190][INFO]: sync client info success!
[2020.02.24 23:47:02][main.cpp :190][INFO]: sync client info success!
[2020.02.24 23:47:07][main.cpp :190][INFO]: sync client info success!
[2020.02.24 23:47:12][main.cpp :190][INFO]: sync client info success!
[2020.02.24 23:47:17][main.cpp :190][INFO]: sync client info success!
[2020.02.24 23:47:22][main.cpp :190][INFO]: sync client info success!
[2020.02.24 23:47:27][main.cpp :190][INFO]: sync client info success!
[2020.02.24 23:47:32][main.cpp :194][INFO]: syncClientInfo failed!
[2020.02.24 23:47:37][main.cpp :194][INFO]: syncClientInfo failed!
[2020.02.24 23:47:42][main.cpp :194][INFO]: syncClientInfo failed!
[2020.02.24 23:47:47][main.cpp :194][INFO]: syncClientInfo failed!
[2020.02.24 23:47:52][main.cpp :194][INFO]: syncClientInfo failed!
[2020.02.24 23:47:57][main.cpp :194][INFO]: syncClientInfo failed!
[2020.02.24 23:48:02][main.cpp :194][INFO]: syncClientInfo failed!
[2020.02.25 00:42:44][main.cpp :156][INFO]: Server listening on 127.0.0.1:61233
[2020.02.25 00:43:12][main.cpp :156][INFO]: Server listening on 127.0.0.1:61253
[2020.02.25 00:44:53][main.cpp :156][INFO]: Server listening on 127.0.0.1:61306
[2020.02.25 00:45:00][main.cpp :190][INFO]: sync client info success!
[2020.02.25 00:45:04][main.cpp :156][INFO]: Server listening on 127.0.0.1:61312
[2020.02.25 00:45:05][main.cpp :190][INFO]: sync client info success!
[2020.02.25 00:45:09][main.cpp :190][INFO]: sync client info success!
[2020.02.25 00:45:14][main.cpp :190][INFO]: sync client info success!
[2020.02.25 00:45:18][main.cpp :156][INFO]: Server listening on 127.0.0.1:61323
[2020.02.25 00:45:19][main.cpp :190][INFO]: sync client info success!
[2020.02.25 00:45:23][main.cpp :190][INFO]: sync client info success!
[2020.02.25 00:45:24][main.cpp :190][INFO]: sync client info success!
[2020.02.25 00:45:28][main.cpp :190][INFO]: sync client info success!
[2020.02.25 00:45:29][main.cpp :190][INFO]: sync client info success!
[2020.02.25 00:45:33][main.cpp :194][INFO]: syncClientInfo failed!
[2020.02.25 00:45:38][main.cpp :194][INFO]: syncClientInfo failed!
[2020.02.25 00:45:43][main.cpp :194][INFO]: syncClientInfo failed!
[2020.02.25 00:45:48][main.cpp :194][INFO]: syncClientInfo failed!
[2020.02.25 00:45:53][main.cpp :194][INFO]: syncClientInfo failed!
[2020.02.25 00:45:58][main.cpp :194][INFO]: syncClientInfo failed!
[2020.02.25 00:46:03][main.cpp :194][INFO]: syncClientInfo failed!
[2020.02.25 00:46:08][main.cpp :194][INFO]: syncClientInfo failed!
[2020.02.25 00:46:13][main.cpp :194][INFO]: syncClientInfo failed!
[2020.02.25 00:46:18][main.cpp :194][INFO]: syncClientInfo failed!
[2020.02.25 00:46:23][main.cpp :194][INFO]: syncClientInfo failed!
[2020.02.25 00:46:28][main.cpp :194][INFO]: syncClientInfo failed!
[2020.02.25 00:46:33][main.cpp :194][INFO]: syncClientInfo failed!
[2020.02.25 00:46:38][main.cpp :194][INFO]: syncClientInfo failed!
[2020.02.25 00:46:43][main.cpp :194][INFO]: syncClientInfo failed!
[2020.02.25 00:46:48][main.cpp :194][INFO]: syncClientInfo failed!
[2020.02.25 00:46:53][main.cpp :194][INFO]: syncClientInfo failed!
[2020.02.25 00:46:58][main.cpp :194][INFO]: syncClientInfo failed!
[2020.02.25 00:47:03][main.cpp :194][INFO]: syncClientInfo failed!
[2020.02.25 00:47:08][main.cpp :194][INFO]: syncClientInfo failed!
[2020.02.25 00:47:13][main.cpp :194][INFO]: syncClientInfo failed!
[2020.02.25 00:47:18][main.cpp :194][INFO]: syncClientInfo failed!
[2020.02.25 00:47:23][main.cpp :194][INFO]: syncClientInfo failed!
[2020.02.25 00:47:28][main.cpp :194][INFO]: syncClientInfo failed!
[2020.02.25 00:47:34][main.cpp :194][INFO]: syncClientInfo failed!
[2020.02.25 00:47:39][main.cpp :194][INFO]: syncClientInfo failed!
[2020.02.25 00:47:44][main.cpp :194][INFO]: syncClientInfo failed!
[2020.02.25 00:47:49][main.cpp :194][INFO]: syncClientInfo failed!
[2020.02.25 00:47:54][main.cpp :194][INFO]: syncClientInfo failed!
[2020.02.25 00:47:59][main.cpp :194][INFO]: syncClientInfo failed!
[2020.02.25 00:48:04][main.cpp :194][INFO]: syncClientInfo failed!
[2020.02.25 00:48:09][main.cpp :194][INFO]: syncClientInfo failed!
[2020.02.25 00:48:14][main.cpp :194][INFO]: syncClientInfo failed!
[2020.02.25 00:48:19][main.cpp :194][INFO]: syncClientInfo failed!
[2020.02.25 00:48:24][main.cpp :194][INFO]: syncClientInfo failed!
[2020.02.25 00:48:29][main.cpp :194][INFO]: syncClientInfo failed!
[2020.02.25 00:48:34][main.cpp :194][INFO]: syncClientInfo failed!
[2020.02.25 00:48:39][main.cpp :194][INFO]: syncClientInfo failed!
[2020.02.25 00:48:44][main.cpp :194][INFO]: syncClientInfo failed!
[2020.02.25 00:48:49][main.cpp :194][INFO]: syncClientInfo failed!
[2020.02.25 00:48:54][main.cpp :194][INFO]: syncClientInfo failed!
[2020.02.25 00:49:26][main.cpp :156][INFO]: Server listening on 127.0.0.1:61458
[2020.02.25 00:49:34][main.cpp :190][INFO]: sync client info success!
[2020.02.25 00:49:37][main.cpp :156][INFO]: Server listening on 127.0.0.1:61465
[2020.02.25 00:49:39][main.cpp :190][INFO]: sync client info success!
[2020.02.25 00:49:40][main.cpp :190][INFO]: sync client info success!
[2020.02.25 00:49:45][main.cpp :190][INFO]: sync client info success!
[2020.02.25 00:49:45][main.cpp :156][INFO]: Server listening on 127.0.0.1:61474
[2020.02.25 00:49:50][main.cpp :190][INFO]: sync client info success!
[2020.02.25 00:49:50][main.cpp :190][INFO]: sync client info success!
[2020.02.25 00:49:55][main.cpp :190][INFO]: sync client info success!
[2020.02.25 00:49:55][main.cpp :190][INFO]: sync client info success!
[2020.02.25 00:50:00][main.cpp :190][INFO]: sync client info success!
[2020.02.25 00:50:00][main.cpp :190][INFO]: sync client info success!
[2020.02.25 00:50:05][main.cpp :190][INFO]: sync client info success!
[2020.02.25 00:50:10][main.cpp :194][INFO]: syncClientInfo failed!
[2020.02.25 00:50:15][main.cpp :194][INFO]: syncClientInfo failed!
[2020.02.25 00:50:20][main.cpp :194][INFO]: syncClientInfo failed!
[2020.02.25 00:50:25][main.cpp :194][INFO]: syncClientInfo failed!
[2020.02.25 00:50:30][main.cpp :194][INFO]: syncClientInfo failed!
[2020.02.25 00:50:35][main.cpp :194][INFO]: syncClientInfo failed!
[2020.02.25 00:50:40][main.cpp :194][INFO]: syncClientInfo failed!
[2020.02.25 00:50:45][main.cpp :194][INFO]: syncClientInfo failed!
[2020.02.25 00:50:50][main.cpp :194][INFO]: syncClientInfo failed!
[2020.02.25 00:50:55][main.cpp :194][INFO]: syncClientInfo failed!
[2020.02.25 00:51:00][main.cpp :194][INFO]: syncClientInfo failed!
[2020.02.25 00:51:05][main.cpp :194][INFO]: syncClientInfo failed!
[2020.02.25 00:51:10][main.cpp :194][INFO]: syncClientInfo failed!
[2020.02.25 00:51:15][main.cpp :194][INFO]: syncClientInfo failed!
[2020.02.25 00:51:20][main.cpp :194][INFO]: syncClientInfo failed!
[2020.02.25 00:51:25][main.cpp :194][INFO]: syncClientInfo failed!
[2020.02.25 00:51:30][main.cpp :194][INFO]: syncClientInfo failed!
[2020.02.25 00:51:35][main.cpp :194][INFO]: syncClientInfo failed!
[2020.02.25 00:51:40][main.cpp :194][INFO]: syncClientInfo failed!
[2020.02.25 00:51:45][main.cpp :194][INFO]: syncClientInfo failed!
[2020.02.25 00:51:50][main.cpp :194][INFO]: syncClientInfo failed!
[2020.02.25 00:51:55][main.cpp :194][INFO]: syncClientInfo failed!
[2020.02.25 00:52:00][main.cpp :194][INFO]: syncClientInfo failed!
[2020.02.25 00:52:05][main.cpp :194][INFO]: syncClientInfo failed!
[2020.02.25 00:53:57][main.cpp :156][INFO]: Server listening on 127.0.0.1:61599
[2020.02.25 00:54:02][main.cpp :190][INFO]: sync client info success!
[2020.02.25 00:54:07][main.cpp :190][INFO]: sync client info success!
[2020.02.25 00:54:11][main.cpp :156][INFO]: Server listening on 127.0.0.1:61611
[2020.02.25 00:54:12][main.cpp :190][INFO]: sync client info success!
[2020.02.25 00:54:15][main.cpp :190][INFO]: sync client info success!
[2020.02.25 00:54:20][main.cpp :156][INFO]: Server listening on 127.0.0.1:61617
[2020.02.25 00:54:20][main.cpp :190][INFO]: sync client info success!
[2020.02.25 00:54:24][main.cpp :190][INFO]: sync client info success!
[2020.02.25 00:54:25][main.cpp :190][INFO]: sync client info success!
[2020.02.25 00:54:29][main.cpp :190][INFO]: sync client info success!
[2020.02.25 00:54:30][main.cpp :190][INFO]: sync client info success!
[2020.02.25 00:54:34][main.cpp :190][INFO]: sync client info success!
[2020.02.25 00:54:39][main.cpp :190][INFO]: sync client info success!
[2020.02.25 00:54:44][main.cpp :190][INFO]: sync client info success!
[2020.02.25 00:54:49][main.cpp :190][INFO]: sync client info success!
[2020.02.25 00:55:04][main.cpp :156][INFO]: Server listening on 127.0.0.1:61638
[2020.02.25 00:55:06][main.cpp :190][INFO]: sync client info success!
[2020.02.25 00:55:10][main.cpp :156][INFO]: Server listening on 127.0.0.1:61646
[2020.02.25 00:55:11][main.cpp :190][INFO]: sync client info success!
