[2020.02.24 23:36:28][/Users/tanxiaohui/git/credit_backend/singleTerminaLoginSystem/service/main/../../mylib/mylibSql/sqlApi.cpp :30][INFO]: 1........
[2020.02.24 23:36:28][/Users/tanxiaohui/git/credit_backend/singleTerminaLoginSystem/service/main/../../mylib/mylibSql/sqlApi.cpp :37][INFO]: 2........
[2020.02.24 23:36:28][/Users/tanxiaohui/git/credit_backend/singleTerminaLoginSystem/service/main/../../mylib/mylibSql/sqlApi.cpp :40][ERROR]: mysql_real_connect failed! errno:2002, errmsg:Can't connect to local MySQL server through socket '/tmp/mysql.sock' (2)
[2020.02.24 23:36:28][main.cpp :14][ERROR]: connectMysql failed!
[2020.02.24 23:38:38][/Users/tanxiaohui/git/credit_backend/singleTerminaLoginSystem/service/main/../../mylib/mylibSql/sqlApi.cpp :30][INFO]: 1........
[2020.02.24 23:38:38][/Users/tanxiaohui/git/credit_backend/singleTerminaLoginSystem/service/main/../../mylib/mylibSql/sqlApi.cpp :37][INFO]: 2........
[2020.02.24 23:38:38][/Users/tanxiaohui/git/credit_backend/singleTerminaLoginSystem/service/main/../../mylib/mylibSql/sqlApi.cpp :44][INFO]: connect to db success!
[2020.02.24 23:38:38][main.cpp :25][INFO]: Server listening on 127.0.0.1:8080
[2020.02.24 23:40:15][../login/loginer.cpp :168][INFO]: userName:txh, passWord:cHdk
, isValid:1
[2020.02.24 23:40:15][../login/loginer.cpp :193][INFO]: userName:txh, status =1 count:0
[2020.02.24 23:40:15][../login/loginer.cpp :78][INFO]: userName:txh, passWord:cHdk
 login success!
[2020.02.24 23:40:29][../login/loginer.cpp :168][INFO]: userName:txh, passWord:cHdk
, isValid:1
[2020.02.24 23:40:29][../login/loginer.cpp :193][INFO]: userName:txh, status =1 count:1
[2020.02.24 23:40:29][../login/loginer.cpp :65][INFO]: userName already logined! Force other logged in devices to exit, and then log in to the device! userName:txh
[2020.02.24 23:40:29][../login/loginer.cpp :240][INFO]: userName:txh already logined, FstrIp:127.0.0.1, port:58490
[2020.02.24 23:40:29][../login/loginer.cpp :285][INFO]: notice another client logout success.
[2020.02.24 23:40:29][../login/loginer.cpp :78][INFO]: userName:txh, passWord:cHdk
 login success!
[2020.02.24 23:40:53][../login/loginer.cpp :141][INFO]: logout success!
[2020.02.24 23:41:03][../login/loginer.cpp :168][INFO]: userName:txh, passWord:cHdk
, isValid:1
[2020.02.24 23:41:03][../login/loginer.cpp :193][INFO]: userName:txh, status =1 count:0
[2020.02.24 23:41:03][../login/loginer.cpp :78][INFO]: userName:txh, passWord:cHdk
 login success!
[2020.02.24 23:41:15][messageReceiver.cpp :32][INFO]: regist root cm9vdA==

[2020.02.24 23:41:15][../regist/register.cpp :74][INFO]: userName:root, count(1):0
[2020.02.24 23:41:21][../login/loginer.cpp :168][INFO]: userName:root, passWord:cm9vdA==
, isValid:1
[2020.02.24 23:41:21][../login/loginer.cpp :193][INFO]: userName:root, status =1 count:0
[2020.02.24 23:41:21][../login/loginer.cpp :78][INFO]: userName:root, passWord:cm9vdA==
 login success!
[2020.02.24 23:41:37][../login/loginer.cpp :240][INFO]: userName:txh already logined, FstrIp:127.0.0.1, port:58532
[2020.02.24 23:41:37][../login/loginer.cpp :285][INFO]: notice another client logout success.
[2020.02.24 23:42:58][/Users/tanxiaohui/git/credit_backend/singleTerminaLoginSystem/service/main/../../mylib/mylibSql/sqlApi.cpp :30][INFO]: 1........
[2020.02.24 23:42:58][/Users/tanxiaohui/git/credit_backend/singleTerminaLoginSystem/service/main/../../mylib/mylibSql/sqlApi.cpp :37][INFO]: 2........
[2020.02.24 23:42:58][/Users/tanxiaohui/git/credit_backend/singleTerminaLoginSystem/service/main/../../mylib/mylibSql/sqlApi.cpp :44][INFO]: connect to db success!
[2020.02.24 23:42:58][main.cpp :25][INFO]: Server listening on 127.0.0.1:8080
[2020.02.24 23:43:11][../login/loginer.cpp :168][INFO]: userName:txh, passWord:cHdk
, isValid:1
[2020.02.24 23:43:11][../login/loginer.cpp :193][INFO]: userName:txh, status =1 count:1
[2020.02.24 23:43:11][../login/loginer.cpp :65][INFO]: userName already logined! Force other logged in devices to exit, and then log in to the device! userName:txh
[2020.02.24 23:43:11][../login/loginer.cpp :240][INFO]: userName:txh already logined, FstrIp:127.0.0.1, port:58532
[2020.02.24 23:43:11][../login/loginer.cpp :290][ERROR]: notice another client logout failed!
[2020.02.24 23:43:11][../login/loginer.cpp :78][INFO]: userName:txh, passWord:cHdk
 login success!
[2020.02.24 23:43:48][../login/loginer.cpp :240][INFO]: userName:txh already logined, FstrIp:127.0.0.1, port:58607
[2020.02.24 23:43:48][../login/loginer.cpp :285][INFO]: notice another client logout success.
[2020.02.24 23:43:48][../login/loginer.cpp :141][INFO]: logout success!
[2020.02.24 23:44:12][../login/loginer.cpp :141][INFO]: logout success!
[2020.02.24 23:44:26][../login/loginer.cpp :168][INFO]: userName:txh, passWord:cHdk
, isValid:1
[2020.02.24 23:44:26][../login/loginer.cpp :193][INFO]: userName:txh, status =1 count:0
[2020.02.24 23:44:26][../login/loginer.cpp :78][INFO]: userName:txh, passWord:cHdk
 login success!
[2020.02.24 23:44:30][../login/loginer.cpp :141][INFO]: logout success!
[2020.02.24 23:44:37][/Users/tanxiaohui/git/credit_backend/singleTerminaLoginSystem/service/main/../../mylib/mylibSql/sqlApi.cpp :30][INFO]: 1........
[2020.02.24 23:44:37][/Users/tanxiaohui/git/credit_backend/singleTerminaLoginSystem/service/main/../../mylib/mylibSql/sqlApi.cpp :37][INFO]: 2........
[2020.02.24 23:44:37][/Users/tanxiaohui/git/credit_backend/singleTerminaLoginSystem/service/main/../../mylib/mylibSql/sqlApi.cpp :44][INFO]: connect to db success!
[2020.02.24 23:44:37][main.cpp :25][INFO]: Server listening on 127.0.0.1:8080
[2020.02.24 23:44:46][../login/loginer.cpp :168][INFO]: userName:txh, passWord:cHdk
, isValid:1
[2020.02.24 23:44:46][../login/loginer.cpp :193][INFO]: userName:txh, status =1 count:0
[2020.02.24 23:44:46][../login/loginer.cpp :78][INFO]: userName:txh, passWord:cHdk
 login success!
[2020.02.24 23:44:56][../login/loginer.cpp :168][INFO]: userName:txh, passWord:cHdk
, isValid:1
[2020.02.24 23:44:56][../login/loginer.cpp :193][INFO]: userName:txh, status =1 count:1
[2020.02.24 23:44:56][../login/loginer.cpp :65][INFO]: userName already logined! Force other logged in devices to exit, and then log in to the device! userName:txh
[2020.02.24 23:44:56][../login/loginer.cpp :240][INFO]: userName:txh already logined, FstrIp:127.0.0.1, port:58657
[2020.02.24 23:44:56][../login/loginer.cpp :285][INFO]: notice another client logout success.
[2020.02.24 23:44:56][../login/loginer.cpp :78][INFO]: userName:txh, passWord:cHdk
 login success!
[2020.02.24 23:45:06][../login/loginer.cpp :168][INFO]: userName:root, passWord:cm9vdA==
, isValid:1
[2020.02.24 23:45:06][../login/loginer.cpp :193][INFO]: userName:root, status =1 count:0
[2020.02.24 23:45:06][../login/loginer.cpp :78][INFO]: userName:root, passWord:cm9vdA==
 login success!
[2020.02.24 23:45:19][../login/loginer.cpp :240][INFO]: userName:txh already logined, FstrIp:127.0.0.1, port:58663
[2020.02.24 23:45:19][../login/loginer.cpp :290][ERROR]: notice another client logout failed!
[2020.02.24 23:45:19][../login/loginer.cpp :141][INFO]: logout success!
